This is pdfTeX, Version 3.14159265-2.6-1.40.19 (MiKTeX 2.9.6670 64-bit) (preloaded format=pdflatex 2018.4.25)  18 JUN 2018 17:39
entering extended mode
**./modelo_dissertacao.tex
(modelo_dissertacao.tex
LaTeX2e <2018-04-01> patch level 2
Babel <3.18> and hyphenation patterns for 75 language(s) loaded.
("C:\Program Files\MiKTeX 2.9\tex\latex\utfprcptex2\utfprcptex2.cls"
Document Class: utfprcptex2 2017/02/20 Classe de Normas para Trabalhos da UTFPR

("C:\Program Files\MiKTeX 2.9\tex\latex\abntex2\abntex2.cls"
Document Class: abntex2 2016/02/26 v-1.9.6 abnTeX2
("C:\Program Files\MiKTeX 2.9\tex\latex\base\ifthen.sty"
Package: ifthen 2014/09/29 v1.1c Standard LaTeX ifthen package (DPC)
)
("C:\Program Files\MiKTeX 2.9\tex\latex\memoir\memoir.cls"
Document Class: memoir 2018/04/04 v3.7g configurable book, report, article docu
ment class
\onelineskip=\skip41
\lxvchars=\skip42
\xlvchars=\skip43
\@memcnta=\count80
\c@@memmarkcntra=\count81
("C:\Program Files\MiKTeX 2.9\tex\generic\oberdiek\ifpdf.sty"
Package: ifpdf 2017/03/15 v3.2 Provides the ifpdf switch
)
("C:\Program Files\MiKTeX 2.9\tex\latex\ifetex\ifetex.sty"
Package: ifetex 2018/03/31 v1.2a ifetex

("C:\Program Files\MiKTeX 2.9\tex\plain\ifetex\ifetex.tex"))
("C:\Program Files\MiKTeX 2.9\tex\generic\ifxetex\ifxetex.sty"
Package: ifxetex 2010/09/12 v0.6 Provides ifxetex conditional
)
("C:\Program Files\MiKTeX 2.9\tex\generic\oberdiek\ifluatex.sty"
Package: ifluatex 2016/05/16 v1.4 Provides the ifluatex switch (HO)
Package ifluatex Info: LuaTeX not detected.
)
\stockheight=\skip44
\stockwidth=\skip45
\trimtop=\skip46
\trimedge=\skip47

("C:\Program Files\MiKTeX 2.9\tex\latex\memoir\mem12.clo"
File: mem12.clo 2010/10/19 v0.4b memoir class 12pt size option
)
\binding=\skip48
\spinemargin=\skip49
\foremargin=\skip50
\uppermargin=\skip51
\lowermargin=\skip52
\headdrop=\skip53
\normalrulethickness=\skip54
\mem@maxheadheight=\skip55
\mem@maxfootheight=\skip56
\headwidth=\skip57
\c@storedpagenumber=\count82
\memPD=\dimen102
\m@mabparskip=\skip58
\thanksmarkwidth=\skip59
\thanksmarksep=\skip60
\droptitle=\skip61
\c@book=\count83
\c@part=\count84
\c@chapter=\count85
\c@section=\count86
\c@subsection=\count87
\c@subsubsection=\count88
\c@paragraph=\count89
\c@subparagraph=\count90
\beforechapskip=\skip62
\midchapskip=\skip63
\afterchapskip=\skip64
\chapindent=\skip65
\bottomsectionskip=\skip66
\secindent=\skip67
\beforesecskip=\skip68
\aftersecskip=\skip69
\subsecindent=\skip70
\beforesubsecskip=\skip71
\aftersubsecskip=\skip72
\subsubsecindent=\skip73
\beforesubsubsecskip=\skip74
\aftersubsubsecskip=\skip75
\paraindent=\skip76
\beforeparaskip=\skip77
\afterparaskip=\skip78
\subparaindent=\skip79
\beforesubparaskip=\skip80
\aftersubparaskip=\skip81
\pfbreakskip=\skip82
\c@@ppsavesec=\count91
\c@@ppsaveapp=\count92
\ragrparindent=\dimen103
\everylistparindent=\dimen104
\parsepi=\skip83
\topsepi=\skip84
\itemsepi=\skip85
\parsepii=\skip86
\topsepii=\skip87
\topsepiii=\skip88
\itemsepii=\skip89
\itemsepiii=\skip90
\partopsepii=\skip91
\partopsepiii=\skip92
\m@msavetopsep=\skip93
\m@msavepartopsep=\skip94
\@enLab=\toks14
\abstitleskip=\skip95
\absleftindent=\skip96
\abs@leftindent=\dimen105
\absrightindent=\skip97
\absparindent=\skip98
\absparsep=\skip99
\c@vslineno=\count93
\c@poemline=\count94
\c@modulo@vs=\count95
\c@memfvsline=\count96
\vleftskip=\skip100
\vrightskip=\skip101
\stanzaskip=\skip102
\versewidth=\skip103
\vgap=\skip104
\vindent=\skip105
\vleftmargin=\dimen106
\c@verse=\count97
\c@chrsinstr=\count98
\beforepoemtitleskip=\skip106
\afterpoemtitleskip=\skip107
\c@poem=\count99
\beforePoemTitleskip=\skip108
\midPoemTitleskip=\skip109
\afterPoemTitleskip=\skip110
\col@sep=\dimen107
\extrarowheight=\dimen108
\NC@list=\toks15
\extratabsurround=\skip111
\backup@length=\skip112
\TX@col@width=\dimen109
\TX@old@table=\dimen110
\TX@old@col=\dimen111
\TX@target=\dimen112
\TX@delta=\dimen113
\TX@cols=\count100
\TX@ftn=\toks16
\heavyrulewidth=\dimen114
\lightrulewidth=\dimen115
\cmidrulewidth=\dimen116
\belowrulesep=\dimen117
\belowbottomsep=\dimen118
\aboverulesep=\dimen119
\abovetopsep=\dimen120
\cmidrulesep=\dimen121
\cmidrulekern=\dimen122
\defaultaddspace=\dimen123
\@cmidla=\count101
\@cmidlb=\count102
\@aboverulesep=\dimen124
\@belowrulesep=\dimen125
\@thisruleclass=\count103
\@lastruleclass=\count104
\@thisrulewidth=\dimen126
\ctableftskip=\skip113
\ctabrightskip=\skip114
\abovecolumnspenalty=\count105
\@linestogo=\count106
\@cellstogo=\count107
\@cellsincolumn=\count108
\crtok=\toks17
\@mincolumnwidth=\dimen127
\c@newflo@tctr=\count109
\mem@margin@floatbox=\box26
\@contcwidth=\skip115
\@contindw=\skip116
\abovecaptionskip=\skip117
\belowcaptionskip=\skip118
\subfloattopskip=\skip119
\subfloatcapskip=\skip120
\subfloatcaptopadj=\skip121
\subfloatbottomskip=\skip122
\subfloatlabelskip=\skip123
\subfloatcapmargin=\dimen128
\c@@contsubnum=\count110
\m@mscap@capbox=\box27
\m@mscap@fbox=\box28
\sidecapsep=\dimen129
\sidecapwidth=\dimen130
\m@m@tempdima=\dimen131
\m@mscapraise=\dimen132
\sidecapraise=\dimen133
\m@mscapmainwidth=\dimen134
\m@mscaplkern=\dimen135
\beforeepigraphskip=\skip124
\afterepigraphskip=\skip125
\epigraphwidth=\skip126
\epigraphrule=\skip127
LaTeX Info: Redefining \em on input line 7578.
LaTeX Info: Redefining \emph on input line 7586.
\tocentryskip=\skip128
\tocbaseline=\skip129
\cftparskip=\skip130
\cftbeforebookskip=\skip131
\cftbookindent=\dimen136
\cftbooknumwidth=\dimen137
\cftbeforepartskip=\skip132
\cftpartindent=\skip133
\cftpartnumwidth=\skip134
\cftbeforechapterskip=\skip135
\cftchapterindent=\skip136
\cftchapternumwidth=\skip137
\cftbeforesectionskip=\skip138
\cftsectionindent=\skip139
\cftsectionnumwidth=\skip140
\cftbeforesubsectionskip=\skip141
\cftsubsectionindent=\skip142
\cftsubsectionnumwidth=\skip143
\cftbeforesubsubsectionskip=\skip144
\cftsubsubsectionindent=\skip145
\cftsubsubsectionnumwidth=\skip146
\cftbeforeparagraphskip=\skip147
\cftparagraphindent=\skip148
\cftparagraphnumwidth=\skip149
\cftbeforesubparagraphskip=\skip150
\cftsubparagraphindent=\skip151
\cftsubparagraphnumwidth=\skip152
\prechapterprecisshift=\dimen138
\c@maxsecnumdepth=\count111
\bibindent=\dimen139
\bibitemsep=\skip153
\indexcolsep=\skip154
\indexrule=\skip155
\indexmarkstyle=\toks18
\@indexbox=\insert199
\glossarycolsep=\dimen140
\glossaryrule=\dimen141
\sideparvshift=\skip156
\sideins=\insert198
\sidebartopsep=\skip157
\sidebarhsep=\skip158
\sidebarvsep=\skip159
\sidebarwidth=\skip160
\footmarkwidth=\skip161
\footmarksep=\skip162
\footparindent=\skip163
\footinsdim=\skip164
\footinsv@r=\insert197
\@mpfootinsv@r=\insert196
\m@m@k=\count112
\m@m@h=\dimen142
\m@mipn@skip=\skip165
\sidefootins=\insert195
\sidefootadjust=\skip166
\sidefootheight=\skip167
\sidefoothsep=\skip168
\sidefootvsep=\skip169
\sidefootwidth=\skip170
\m@mdownsf=\skip171
\c@sidefootnote=\count113
\sidefootmarkwidth=\skip172
\sidefootmarksep=\skip173
\sidefootparindent=\skip174
\c@pagenote=\count114
\c@pagenoteshadow=\count115
\mem@pn@lastkern=\skip175
\every@verbatim=\toks19
\afterevery@verbatim=\toks20
\verbatim@line=\toks21
\tab@position=\count116
\verbatim@in@stream=\read1
\verbatimindent=\skip176
\verbatim@out=\write3
\bvboxsep=\skip177
\c@memfbvline=\count117
\c@bvlinectr=\count118
\bvnumlength=\skip178
\fb@frw=\dimen143
\fb@frh=\dimen144
\FrameRule=\dimen145
\FrameSep=\dimen146
\c@cp@cntr=\count119
LaTeX Info: Redefining \: on input line 12100.
LaTeX Info: Redefining \! on input line 12102.
\c@ism@mctr=\count120
\c@xsm@mctr=\count121
\c@csm@mctr=\count122
\c@ksm@mctr=\count123
\c@xksm@mctr=\count124
\c@cksm@mctr=\count125
\c@msm@mctr=\count126
\c@xmsm@mctr=\count127
\c@cmsm@mctr=\count128
\c@bsm@mctr=\count129
\c@workm@mctr=\count130
\c@sheetsequence=\count131
\c@lastsheet=\count132
\c@lastpage=\count133
\c@figure=\count134
\c@lofdepth=\count135
\cftbeforefigureskip=\skip179
\cftfigureindent=\skip180
\cftfigurenumwidth=\skip181
\c@table=\count136
\c@lotdepth=\count137
\cftbeforetableskip=\skip182
\cfttableindent=\skip183
\cfttablenumwidth=\skip184
Package abstract [2008/07/23] emulated by memoir.
Package appendix [2008/07/23] emulated by memoir.
Package array [2016/10/06] emulated by memoir.
Package booktabs [2016/05/16] emulated by memoir.
Package ccaption [2008/07/23] emulated by memoir.
Package changepage [2008/07/23] emulated by memoir.
Package chngcntr [2008/07/23] emulated by memoir.
Package chngpage [2008/07/23] emulated by memoir.
Package crop emulated by memoir.
Package dcolumn [2008/07/23] emulated by memoir.
Package delarray [2014/10/28] emulated by memoir.
Package enumerate [2008/07/23] emulated by memoir.
Package epigraph [2008/07/23] emulated by memoir.
Package ifmtarg [2008/07/23] emulated by memoir.
Package index [2008/07/23] emulated by memoir.
Package makeidx [2008/07/23] emulated by memoir.
Package moreverb [2008/07/23] emulated by memoir.
Package mparhack [2008/07/23] emulated by memoir.
Package needspace [2008/07/23] emulated by memoir.
Package newfile [2008/07/23] emulated by memoir.
Package nextpage [2008/07/23] emulated by memoir.
Package pagenote [2008/07/23] emulated by memoir.
Package parskip [2008/07/23] emulated by memoir.
Package patchcmd [2008/07/23] emulated by memoir.
Package setspace [2008/07/23] emulated by memoir.
Package shortvrb [2008/07/23] emulated by memoir.
Package showidx [2008/07/23] emulated by memoir.
Package tabularx [2016/02/03] emulated by memoir.
Package titleref [2008/07/23] emulated by memoir.
Package titling [2008/07/23] emulated by memoir.
Package tocbibind [2008/07/23] emulated by memoir.
Package tocloft [2008/07/23] emulated by memoir.
Package tocvsec2 [2008/07/23] emulated by memoir.
Package verbatim [2008/07/23] emulated by memoir.
Package verse [2008/07/23] emulated by memoir.
)
("C:\Program Files\MiKTeX 2.9\tex\latex\textcase\textcase.sty"
Package: textcase 2004/10/07 v0.07 Text only upper/lower case changing (DPC)
LaTeX Info: Redefining \MakeTextUppercase on input line 47.
LaTeX Info: Redefining \MakeTextLowercase on input line 50.
)
("C:\Program Files\MiKTeX 2.9\tex\latex\hyperref\hyperref.sty"
Package: hyperref 2018/02/06 v6.86b Hypertext links for LaTeX

("C:\Program Files\MiKTeX 2.9\tex\generic\oberdiek\hobsub-hyperref.sty"
Package: hobsub-hyperref 2016/05/16 v1.14 Bundle oberdiek, subset hyperref (HO)


("C:\Program Files\MiKTeX 2.9\tex\generic\oberdiek\hobsub-generic.sty"
Package: hobsub-generic 2016/05/16 v1.14 Bundle oberdiek, subset generic (HO)
Package: hobsub 2016/05/16 v1.14 Construct package bundles (HO)
Package: infwarerr 2016/05/16 v1.4 Providing info/warning/error messages (HO)
Package: ltxcmds 2016/05/16 v1.23 LaTeX kernel commands for general use (HO)
Package hobsub Info: Skipping package `ifluatex' (already loaded).
Package: ifvtex 2016/05/16 v1.6 Detect VTeX and its facilities (HO)
Package ifvtex Info: VTeX not detected.
Package: intcalc 2016/05/16 v1.2 Expandable calculations with integers (HO)
Package hobsub Info: Skipping package `ifpdf' (already loaded).
Package: etexcmds 2016/05/16 v1.6 Avoid name clashes with e-TeX commands (HO)
Package etexcmds Info: Could not find \expanded.
(etexcmds)             That can mean that you are not using pdfTeX 1.50 or
(etexcmds)             that some package has redefined \expanded.
(etexcmds)             In the latter case, load this package earlier.
Package: kvsetkeys 2016/05/16 v1.17 Key value parser (HO)
Package: kvdefinekeys 2016/05/16 v1.4 Define keys (HO)
Package: pdftexcmds 2018/01/30 v0.27 Utility functions of pdfTeX for LuaTeX (HO
)
Package pdftexcmds Info: LuaTeX not detected.
Package pdftexcmds Info: \pdf@primitive is available.
Package pdftexcmds Info: \pdf@ifprimitive is available.
Package pdftexcmds Info: \pdfdraftmode found.
Package: pdfescape 2016/05/16 v1.14 Implements pdfTeX's escape features (HO)
Package: bigintcalc 2016/05/16 v1.4 Expandable calculations on big integers (HO
)
Package: bitset 2016/05/16 v1.2 Handle bit-vector datatype (HO)
Package: uniquecounter 2016/05/16 v1.3 Provide unlimited unique counter (HO)
)
Package hobsub Info: Skipping package `hobsub' (already loaded).
Package: letltxmacro 2016/05/16 v1.5 Let assignment for LaTeX macros (HO)
Package: hopatch 2016/05/16 v1.3 Wrapper for package hooks (HO)
Package: xcolor-patch 2016/05/16 xcolor patch
Package: atveryend 2016/05/16 v1.9 Hooks at the very end of document (HO)
Package atveryend Info: \enddocument detected (standard20110627).
Package: atbegshi 2016/06/09 v1.18 At begin shipout hook (HO)
Package: refcount 2016/05/16 v3.5 Data extraction from label references (HO)
Package: hycolor 2016/05/16 v1.8 Color options for hyperref/bookmark (HO)
)
("C:\Program Files\MiKTeX 2.9\tex\latex\graphics\keyval.sty"
Package: keyval 2014/10/28 v1.15 key=value parser (DPC)
\KV@toks@=\toks22
)
("C:\Program Files\MiKTeX 2.9\tex\latex\oberdiek\auxhook.sty"
Package: auxhook 2016/05/16 v1.4 Hooks for auxiliary files (HO)
)
("C:\Program Files\MiKTeX 2.9\tex\latex\oberdiek\kvoptions.sty"
Package: kvoptions 2016/05/16 v3.12 Key value format for package options (HO)
)
\@linkdim=\dimen147
\Hy@linkcounter=\count138
\Hy@pagecounter=\count139

("C:\Program Files\MiKTeX 2.9\tex\latex\hyperref\pd1enc.def"
File: pd1enc.def 2018/02/06 v6.86b Hyperref: PDFDocEncoding definition (HO)
Now handling font encoding PD1 ...
... no UTF-8 mapping file for font encoding PD1
)
\Hy@SavedSpaceFactor=\count140

("C:\Program Files\MiKTeX 2.9\tex\latex\00miktex\hyperref.cfg"
File: hyperref.cfg 2002/06/06 v1.2 hyperref configuration of TeXLive
)
Package hyperref Info: Hyper figures OFF on input line 4509.
Package hyperref Info: Link nesting OFF on input line 4514.
Package hyperref Info: Hyper index ON on input line 4517.
Package hyperref Info: Plain pages OFF on input line 4524.
Package hyperref Info: Backreferencing OFF on input line 4529.
Package hyperref Info: Implicit mode ON; LaTeX internals redefined.
Package hyperref Info: Bookmarks ON on input line 4762.
\c@Hy@tempcnt=\count141

("C:\Program Files\MiKTeX 2.9\tex\latex\url\url.sty"
\Urlmuskip=\muskip10
Package: url 2013/09/16  ver 3.4  Verb mode for urls, etc.
)
LaTeX Info: Redefining \url on input line 5115.
\XeTeXLinkMargin=\dimen148
\Fld@menulength=\count142
\Field@Width=\dimen149
\Fld@charsize=\dimen150
Package hyperref Info: Hyper figures OFF on input line 6369.
Package hyperref Info: Link nesting OFF on input line 6374.
Package hyperref Info: Hyper index ON on input line 6377.
Package hyperref Info: backreferencing OFF on input line 6384.
Package hyperref Info: Link coloring OFF on input line 6389.
Package hyperref Info: Link coloring with OCG OFF on input line 6394.
Package hyperref Info: PDF/A mode OFF on input line 6399.
LaTeX Info: Redefining \ref on input line 6439.
LaTeX Info: Redefining \pageref on input line 6443.
\Hy@abspage=\count143
\c@Item=\count144
\c@Hfootnote=\count145
)
("C:\Program Files\MiKTeX 2.9\tex\latex\memoir\memhfixc.sty"
Package: memhfixc 2013/05/30 v1.17 nameref/hyperref package fixes for memoir cl
ass
\c@memhycontfloat=\count146
\c@Hpagenote=\count147
)
Package hyperref Info: Driver (autodetected): hpdftex.

("C:\Program Files\MiKTeX 2.9\tex\latex\hyperref\hpdftex.def"
File: hpdftex.def 2018/02/06 v6.86b Hyperref driver for pdfTeX
\Fld@listcount=\count148
\c@bookmark@seq@number=\count149

("C:\Program Files\MiKTeX 2.9\tex\latex\oberdiek\rerunfilecheck.sty"
Package: rerunfilecheck 2016/05/16 v1.8 Rerun checks for auxiliary files (HO)
Package uniquecounter Info: New unique counter `rerunfilecheck' on input line 2
82.
)
\Hy@SectionHShift=\skip185
)
("C:\Program Files\MiKTeX 2.9\tex\latex\oberdiek\bookmark.sty"
Package: bookmark 2016/05/17 v1.26 PDF bookmarks (HO)

("C:\Program Files\MiKTeX 2.9\tex\latex\oberdiek\bkm-pdftex.def"
File: bkm-pdftex.def 2016/05/17 v1.26 bookmark driver for pdfTeX (HO)
\BKM@id=\count150
))
("C:\Program Files\MiKTeX 2.9\tex\generic\babel\babel.sty"
Package: babel 2018/02/14 3.18 The Babel package

("C:\Program Files\MiKTeX 2.9\tex\generic\babel\switch.def"
File: switch.def 2018/02/14 3.18 Babel switching mechanism
)
*************************************
* Local config file bblopts.cfg used
*
("C:\Program Files\MiKTeX 2.9\tex\latex\arabi\bblopts.cfg"
File: bblopts.cfg 2005/09/08 v0.1 add Arabic and Farsi to "declared" options of
 babel
)
("C:\Program Files\MiKTeX 2.9\tex\latex\babel-english\english.ldf"
Language: english 2017/06/06 v3.3r English support from the babel system

("C:\Program Files\MiKTeX 2.9\tex\generic\babel\babel.def"
File: babel.def 2018/02/14 3.18 Babel common definitions
\babel@savecnt=\count151
\U@D=\dimen151

("C:\Program Files\MiKTeX 2.9\tex\generic\babel\txtbabel.def")
\bbl@dirlevel=\count152
)
\l@canadian = a dialect from \language\l@american 
\l@australian = a dialect from \language\l@british 
\l@newzealand = a dialect from \language\l@british 
)
("C:\Program Files\MiKTeX 2.9\tex\latex\babel-spanish\spanish.ldf"
Language: spanish.ldf 2016/03/03 v5.0p Spanish support from the babel system
\es@quottoks=\toks23
\es@quotdepth=\count153
Package babel Info: Making " an active character on input line 561.
Package babel Info: Making . an active character on input line 662.
Package babel Info: Making < an active character on input line 707.
Package babel Info: Making > an active character on input line 707.
)
("C:\Program Files\MiKTeX 2.9\tex\latex\babel-portuges\portuges.ldf"
Language: portuges 2008/03/18 v1.2q Portuguese support from the babel system
\l@brazil = a dialect from \language\l@portuges 
))
("C:\Program Files\MiKTeX 2.9\tex\latex\enumitem\enumitem.sty"
Package: enumitem 2011/09/28 v3.5.2 Customized lists
\labelindent=\skip186
\enit@outerparindent=\dimen152
\enit@toks=\toks24
\enit@inbox=\box29
\enitdp@description=\count154
)
("C:\Program Files\MiKTeX 2.9\tex\latex\tools\calc.sty"
Package: calc 2017/05/25 v4.3 Infix arithmetic (KKT,FJ)
\calc@Acount=\count155
\calc@Bcount=\count156
\calc@Adimen=\dimen153
\calc@Bdimen=\dimen154
\calc@Askip=\skip187
\calc@Bskip=\skip188
LaTeX Info: Redefining \setlength on input line 80.
LaTeX Info: Redefining \addtolength on input line 81.
\calc@Ccount=\count157
\calc@Cskip=\skip189
)

******************************************************
Stock height and width: 845.04684pt by 597.50787pt
Top and edge trims: 0pt and 0pt
Page height and width: 845.04684pt by 597.50787pt
Text height and width: 708pt by 455pt
Spine and edge margins: 85.35826pt and 56.9055pt
Upper and lower margins: 85.35826pt and 51.68858pt
Headheight and headsep: 14.5pt and 19.8738pt
Footskip: 30pt
Columnsep and columnseprule: 10pt and 0pt
Marginparsep and marginparwidth: 7pt and 42.9055pt
Sidecapsep and sidecapwidth: 7pt and 42pt
Sidebarhsep and sidebarwidth: 7pt and 42pt
Sidebarvsep and sidebartopsep: 14.5pt and 0pt
Sidebarheight: 590.14995pt
Sidefoothsep and sidefootwidth: 7pt and 42pt
Sidefootvsep and sidefootheight: 14.5pt and 590.14995pt
******************************************************

\c@abntex@bookmarkcounter=\count158
\cftlastnumwidth=\skip190
\chapternamenumlength=\skip191
\ABNTEXcitacaorecuo=\skip192
\c@alineasi=\count159
\c@alineasii=\count160
\enitdp@alineas=\count161
\c@subalineasi=\count162
\enitdp@subalineas=\count163
\c@incisosi=\count164
\enitdp@incisos=\count165
\ABNTEXsignwidth=\skip193
\ABNTEXsignthickness=\skip194
\ABNTEXsignskip=\skip256
) ("C:\Program Files\MiKTeX 2.9\tex\latex\base\fontenc.sty"
Package: fontenc 2017/04/05 v2.0i Standard LaTeX package

("C:\Program Files\MiKTeX 2.9\tex\latex\base\t1enc.def"
File: t1enc.def 2017/04/05 v2.0i Standard LaTeX file
LaTeX Font Info:    Redeclaring font encoding T1 on input line 48.
))
("C:\Program Files\MiKTeX 2.9\tex\latex\base\inputenc.sty"
Package: inputenc 2018/04/06 v1.3b Input encoding file
\inpenc@prehook=\toks25
\inpenc@posthook=\toks26

("C:\Program Files\MiKTeX 2.9\tex\latex\base\latin1.def"
File: latin1.def 2018/04/06 v1.3b Input encoding file
))
("C:\Program Files\MiKTeX 2.9\tex\latex\glossaries\base\glossaries.sty"
Package: glossaries 2018/04/07 v4.37 (NLCT)

("C:\Program Files\MiKTeX 2.9\tex\latex\xkeyval\xkeyval.sty"
Package: xkeyval 2014/12/03 v2.7a package option processing (HA)

("C:\Program Files\MiKTeX 2.9\tex\generic\xkeyval\xkeyval.tex"
("C:\Program Files\MiKTeX 2.9\tex\generic\xkeyval\xkvutils.tex"
\XKV@toks=\toks27
\XKV@tempa@toks=\toks28
)
\XKV@depth=\count166
File: xkeyval.tex 2014/12/03 v2.7a key=value parser (HA)
))
("C:\Program Files\MiKTeX 2.9\tex\latex\mfirstuc\mfirstuc.sty"
Package: mfirstuc 2017/11/14 v2.06 (NLCT)

("C:\Program Files\MiKTeX 2.9\tex\latex\etoolbox\etoolbox.sty"
Package: etoolbox 2018/02/11 v2.5e e-TeX tools for LaTeX (JAW)
\etb@tempcnta=\count167
)
\@glsmfirst=\toks29
\@glsmrest=\toks30
)
("C:\Program Files\MiKTeX 2.9\tex\latex\xfor\xfor.sty"
Package: xfor 2009/02/05 v1.05 (NLCT)
)
("C:\Program Files\MiKTeX 2.9\tex\latex\datatool\datatool-base.sty"
Package: datatool-base 2018/04/16 v2.30 (NLCT)

("C:\Program Files\MiKTeX 2.9\tex\latex\amsmath\amsmath.sty"
Package: amsmath 2017/09/02 v2.17a AMS math features
\@mathmargin=\skip257

For additional information on amsmath, use the `?' option.
("C:\Program Files\MiKTeX 2.9\tex\latex\amsmath\amstext.sty"
Package: amstext 2000/06/29 v2.01 AMS text

("C:\Program Files\MiKTeX 2.9\tex\latex\amsmath\amsgen.sty"
File: amsgen.sty 1999/11/30 v2.0 generic functions
\@emptytoks=\toks31
\ex@=\dimen155
))
("C:\Program Files\MiKTeX 2.9\tex\latex\amsmath\amsbsy.sty"
Package: amsbsy 1999/11/29 v1.2d Bold Symbols
\pmbraise@=\dimen156
)
("C:\Program Files\MiKTeX 2.9\tex\latex\amsmath\amsopn.sty"
Package: amsopn 2016/03/08 v2.02 operator names
)
\inf@bad=\count168
LaTeX Info: Redefining \frac on input line 213.
\uproot@=\count169
\leftroot@=\count170
LaTeX Info: Redefining \overline on input line 375.
\classnum@=\count171
\DOTSCASE@=\count172
LaTeX Info: Redefining \ldots on input line 472.
LaTeX Info: Redefining \dots on input line 475.
LaTeX Info: Redefining \cdots on input line 596.
\Mathstrutbox@=\box30
\strutbox@=\box31
\big@size=\dimen157
LaTeX Font Info:    Redeclaring font encoding OML on input line 712.
LaTeX Font Info:    Redeclaring font encoding OMS on input line 713.
\macc@depth=\count173
\c@MaxMatrixCols=\count174
\dotsspace@=\muskip11
\c@parentequation=\count175
\dspbrk@lvl=\count176
\tag@help=\toks32
\row@=\count177
\column@=\count178
\maxfields@=\count179
\andhelp@=\toks33
\eqnshift@=\dimen158
\alignsep@=\dimen159
\tagshift@=\dimen160
\tagwidth@=\dimen161
\totwidth@=\dimen162
\lineht@=\dimen163
\@envbody=\toks34
\multlinegap=\skip258
\multlinetaggap=\skip259
\mathdisplay@stack=\toks35
LaTeX Info: Redefining \[ on input line 2817.
LaTeX Info: Redefining \] on input line 2818.
)
("C:\Program Files\MiKTeX 2.9\tex\latex\substr\substr.sty"
Package: substr 2009/10/20 v1.2 Handle substrings
\c@su@anzahl=\count180
)
("C:\Program Files\MiKTeX 2.9\tex\latex\datatool\datatool-fp.sty"
Package: datatool-fp 2018/04/16 v2.30 (NLCT)

("C:\Program Files\MiKTeX 2.9\tex\latex\fp\fp.sty"
Package: fp 1995/04/02

`Fixed Point Package', Version 0.8, April 2, 1995 (C) Michael Mehlich
("C:\Program Files\MiKTeX 2.9\tex\latex\fp\defpattern.sty"
Package: defpattern 1994/10/12
\actioncount=\count181
)
("C:\Program Files\MiKTeX 2.9\tex\latex\fp\fp-basic.sty"
Package: fp-basic 1996/05/13
\FP@xs=\count182
\FP@xia=\count183
\FP@xib=\count184
\FP@xfa=\count185
\FP@xfb=\count186
\FP@rega=\count187
\FP@regb=\count188
\FP@regs=\count189
\FP@times=\count190
)
("C:\Program Files\MiKTeX 2.9\tex\latex\fp\fp-addons.sty"
Package: fp-addons 1995/03/15
)
("C:\Program Files\MiKTeX 2.9\tex\latex\fp\fp-snap.sty"
Package: fp-snap 1995/04/05
)
("C:\Program Files\MiKTeX 2.9\tex\latex\fp\fp-exp.sty"
Package: fp-exp 1995/04/03
)
("C:\Program Files\MiKTeX 2.9\tex\latex\fp\fp-trigo.sty"
Package: fp-trigo 1995/04/14
)
("C:\Program Files\MiKTeX 2.9\tex\latex\fp\fp-pas.sty"
Package: fp-pas 1994/08/29
)
("C:\Program Files\MiKTeX 2.9\tex\latex\fp\fp-random.sty"
Package: fp-random 1995/02/23
\FPseed=\count191
)
("C:\Program Files\MiKTeX 2.9\tex\latex\fp\fp-eqn.sty"
Package: fp-eqn 1995/04/03
)
("C:\Program Files\MiKTeX 2.9\tex\latex\fp\fp-upn.sty"
Package: fp-upn 1996/10/21
)
("C:\Program Files\MiKTeX 2.9\tex\latex\fp\fp-eval.sty"
Package: fp-eval 1995/04/03
)))
\@dtl@toks=\toks36
\@dtl@tmpcount=\count192
\dtl@tmplength=\skip260
\dtl@sortresult=\count193
\@dtl@numgrpsepcount=\count194
\@dtl@datatype=\count266
\dtl@codeA=\count267
\dtl@codeB=\count268
\@dtl@foreach@level=\count269
)
("C:\Program Files\MiKTeX 2.9\tex\latex\glossaries\base\glossaries-compatible-3
07.sty"
Package: glossaries-compatible-307 2018/04/07 v4.37 (NLCT)
) ("C:\Program Files\MiKTeX 2.9\tex\latex\tracklang\tracklang.sty"
Package: tracklang 2018/02/21 v1.3.5 (NLCT) Track Languages

("C:\Program Files\MiKTeX 2.9\tex\generic\tracklang\tracklang.tex"))
("C:\Program Files\MiKTeX 2.9\tex\latex\translator\translator.sty"
Package: translator 2018/01/04 v1.12 Easy translation of strings in LaTeX
)
("C:\Program Files\MiKTeX 2.9\tex\latex\glossaries-english\glossaries-english.l
df"
File: glossaries-english.ldf 2014/11/23 v1.0
)
("C:\Program Files\MiKTeX 2.9\tex\latex\glossaries-spanish\glossaries-spanish.l
df"
File: glossaries-spanish.ldf 2014/11/23 v1.0

("C:\Program Files\MiKTeX 2.9\tex\latex\glossaries-spanish\glossaries-spanish-n
oenc.ldf"))
("C:\Program Files\MiKTeX 2.9\tex\latex\glossaries-portuges\glossaries-pt-BR.ld
f"
File: glossaries-pt-BR.ldf 2014/11/23 v1.0

("C:\Program Files\MiKTeX 2.9\tex\latex\glossaries-portuges\glossaries-portuges
-noenc.ldf"))
\gls@level=\count270
\@gls@tmpb=\toks37
\gls@tmplen=\skip261
\glskeylisttok=\toks38
\glslabeltok=\toks39
\glsshorttok=\toks40
\glslongtok=\toks41

("C:\Program Files\MiKTeX 2.9\tex\latex\glossaries\styles\glossary-hypernav.sty
"
Package: glossary-hypernav 2018/04/07 v4.37 (NLCT)
) ("C:\Program Files\MiKTeX 2.9\tex\latex\glossaries\styles\glossary-list.sty"
Package: glossary-list 2018/04/07 v4.37 (NLCT)
\glslistdottedwidth=\skip262
) ("C:\Program Files\MiKTeX 2.9\tex\latex\glossaries\styles\glossary-long.sty"
Package: glossary-long 2018/04/07 v4.37 (NLCT)

("C:\Program Files\MiKTeX 2.9\tex\latex\tools\longtable.sty"
Package: longtable 2014/10/28 v4.11 Multi-page Table package (DPC)
\LTleft=\skip263
\LTright=\skip264
\LTpre=\skip265
\LTpost=\skip266
\LTchunksize=\count271
\LTcapwidth=\dimen164
\LT@head=\box32
\LT@firsthead=\box33
\LT@foot=\box34
\LT@lastfoot=\box35
\LT@cols=\count272
\LT@rows=\count273
\c@LT@tables=\count274
\c@LT@chunks=\count275
\LT@p@ftn=\toks42
)
\glsdescwidth=\skip267
\glspagelistwidth=\skip268
)
("C:\Program Files\MiKTeX 2.9\tex\latex\glossaries\styles\glossary-tree.sty"
Package: glossary-tree 2018/04/07 v4.37 (NLCT)
\glstreeindent=\skip269
))
("C:\Program Files\MiKTeX 2.9\tex\latex\index\index.sty"
Package: index 2004/01/20 v4.2beta Improved index support (dmj)
\@indexbox=\insert252
\indexproofstyle=\toks43


LaTeX Warning: Command \markboth  has changed.
               Check if current package is valid.


LaTeX Warning: Command \markright  has changed.
               Check if current package is valid.

) ("C:\Program Files\MiKTeX 2.9\tex\latex\graphics\rotating.sty"
Package: rotating 2016/08/11 v2.16d rotated objects in LaTeX

("C:\Program Files\MiKTeX 2.9\tex\latex\graphics\graphicx.sty"
Package: graphicx 2017/06/01 v1.1a Enhanced LaTeX Graphics (DPC,SPQR)

("C:\Program Files\MiKTeX 2.9\tex\latex\graphics\graphics.sty"
Package: graphics 2017/06/25 v1.2c Standard LaTeX Graphics (DPC,SPQR)

("C:\Program Files\MiKTeX 2.9\tex\latex\graphics\trig.sty"
Package: trig 2016/01/03 v1.10 sin cos tan (DPC)
)
("C:\Program Files\MiKTeX 2.9\tex\latex\graphics-cfg\graphics.cfg"
File: graphics.cfg 2016/06/04 v1.11 sample graphics configuration
)
Package graphics Info: Driver file: pdftex.def on input line 99.

("C:\Program Files\MiKTeX 2.9\tex\latex\graphics-def\pdftex.def"
File: pdftex.def 2018/01/08 v1.0l Graphics/color driver for pdftex
))
\Gin@req@height=\dimen165
\Gin@req@width=\dimen166
)
\c@r@tfl@t=\count276
\rotFPtop=\skip270
\rotFPbot=\skip271
\rot@float@box=\box36
\rot@mess@toks=\toks44
)
("C:\Program Files\MiKTeX 2.9\tex\latex\caption\newfloat.sty"
Package: newfloat 2015/09/17 v1.1-109 Defining new floating environments (AR)
)
("C:\Program Files\MiKTeX 2.9\tex\latex\multirow\multirow.sty"
Package: multirow 2016/11/25 v2.2 Span multiple rows of a table
\multirow@colwidth=\skip272
\multirow@cntb=\count277
\multirow@dima=\skip273
\bigstrutjot=\dimen167
)
("C:\Program Files\MiKTeX 2.9\tex\latex\colortbl\colortbl.sty"
Package: colortbl 2012/02/13 v1.0a Color table columns (DPC)

("C:\Program Files\MiKTeX 2.9\tex\latex\graphics\color.sty"
Package: color 2016/07/10 v1.1e Standard LaTeX Color (DPC)

("C:\Program Files\MiKTeX 2.9\tex\latex\graphics-cfg\color.cfg"
File: color.cfg 2016/01/02 v1.6 sample color configuration
)
Package color Info: Driver file: pdftex.def on input line 147.
)
\everycr=\toks45
\minrowclearance=\skip274
)
("C:\Program Files\MiKTeX 2.9\tex\latex\tools\hhline.sty"
Package: hhline 2014/10/28 v2.03 Table rule package (DPC)
)
("C:\Program Files\MiKTeX 2.9\tex\latex\lastpage\lastpage.sty"
Package: lastpage 2015/03/29 v1.2m Refers to last page's name (HMM; JPG)
)
("C:\Program Files\MiKTeX 2.9\tex\latex\bigfoot\perpage.sty"
Package: perpage 2014/10/25 2.0 Reset/sort counters per page
\c@abspage=\count278
)
("C:\Program Files\MiKTeX 2.9\tex\latex\l3packages\xparse\xparse.sty"
("C:\Program Files\MiKTeX 2.9\tex\latex\l3kernel\expl3.sty"
Package: expl3 2018/03/05 L3 programming layer (loader) 

("C:\Program Files\MiKTeX 2.9\tex\latex\l3kernel\expl3-code.tex"
Package: expl3 2018/03/05 L3 programming layer (code)
\c_max_int=\count279
\l_tmpa_int=\count280
\l_tmpb_int=\count281
\g_tmpa_int=\count282
\g_tmpb_int=\count283
\g__intarray_font_int=\count284
\g__prg_map_int=\count285
\c_log_iow=\count286
\l_iow_line_count_int=\count287
\l__iow_line_target_int=\count288
\l__iow_one_indent_int=\count289
\l__iow_indent_int=\count290
\c_zero_dim=\dimen168
\c_max_dim=\dimen169
\l_tmpa_dim=\dimen170
\l_tmpb_dim=\dimen171
\g_tmpa_dim=\dimen172
\g_tmpb_dim=\dimen173
\c_zero_skip=\skip275
\c_max_skip=\skip276
\l_tmpa_skip=\skip277
\l_tmpb_skip=\skip278
\g_tmpa_skip=\skip279
\g_tmpb_skip=\skip280
\c_zero_muskip=\muskip12
\c_max_muskip=\muskip13
\l_tmpa_muskip=\muskip14
\l_tmpb_muskip=\muskip15
\g_tmpa_muskip=\muskip16
\g_tmpb_muskip=\muskip17
\l_keys_choice_int=\count291
\c__fp_leading_shift_int=\count292
\c__fp_middle_shift_int=\count293
\c__fp_trailing_shift_int=\count294
\c__fp_big_leading_shift_int=\count295
\c__fp_big_middle_shift_int=\count296
\c__fp_big_trailing_shift_int=\count297
\c__fp_Bigg_leading_shift_int=\count298
\c__fp_Bigg_middle_shift_int=\count299
\c__fp_Bigg_trailing_shift_int=\count300
\c__fp_rand_size_int=\count301
\c__fp_rand_four_int=\count302
\c__fp_rand_eight_int=\count303
\l__sort_length_int=\count304
\l__sort_min_int=\count305
\l__sort_top_int=\count306
\l__sort_max_int=\count307
\l__sort_true_max_int=\count308
\l__sort_block_int=\count309
\l__sort_begin_int=\count310
\l__sort_end_int=\count311
\l__sort_A_int=\count312
\l__sort_B_int=\count313
\l__sort_C_int=\count314
\l__tl_build_start_index_int=\count315
\l__tl_build_index_int=\count316
\l__tl_analysis_normal_int=\count317
\l__tl_analysis_index_int=\count318
\l__tl_analysis_nesting_int=\count319
\l__tl_analysis_type_int=\count320
\l__regex_internal_a_int=\count321
\l__regex_internal_b_int=\count322
\l__regex_internal_c_int=\count323
\l__regex_balance_int=\count324
\l__regex_group_level_int=\count325
\l__regex_mode_int=\count326
\c__regex_cs_in_class_mode_int=\count327
\c__regex_cs_mode_int=\count328
\l__regex_catcodes_int=\count329
\l__regex_default_catcodes_int=\count330
\c__regex_catcode_D_int=\count331
\c__regex_catcode_S_int=\count332
\c__regex_catcode_L_int=\count333
\c__regex_catcode_O_int=\count334
\c__regex_catcode_A_int=\count335
\c__regex_all_catcodes_int=\count336
\l__regex_show_lines_int=\count337
\l__regex_min_state_int=\count338
\l__regex_max_state_int=\count339
\l__regex_left_state_int=\count340
\l__regex_right_state_int=\count341
\l__regex_capturing_group_int=\count342
\l__regex_min_pos_int=\count343
\l__regex_max_pos_int=\count344
\l__regex_curr_pos_int=\count345
\l__regex_start_pos_int=\count346
\l__regex_success_pos_int=\count347
\l__regex_curr_char_int=\count348
\l__regex_curr_catcode_int=\count349
\l__regex_last_char_int=\count350
\l__regex_case_changed_char_int=\count351
\l__regex_curr_state_int=\count352
\l__regex_step_int=\count353
\l__regex_min_active_int=\count354
\l__regex_max_active_int=\count355
\l__regex_replacement_csnames_int=\count356
\l__regex_match_count_int=\count357
\l__regex_min_submatch_int=\count358
\l__regex_submatch_int=\count359
\l__regex_zeroth_submatch_int=\count360
\g__regex_trace_regex_int=\count361
\c_empty_box=\box37
\l_tmpa_box=\box38
\l_tmpb_box=\box39
\g_tmpa_box=\box40
\g_tmpb_box=\box41
\l__box_top_dim=\dimen174
\l__box_bottom_dim=\dimen175
\l__box_left_dim=\dimen176
\l__box_right_dim=\dimen177
\l__box_top_new_dim=\dimen178
\l__box_bottom_new_dim=\dimen179
\l__box_left_new_dim=\dimen180
\l__box_right_new_dim=\dimen181
\l__box_internal_box=\box42
\l__coffin_internal_box=\box43
\l__coffin_internal_dim=\dimen182
\l__coffin_offset_x_dim=\dimen183
\l__coffin_offset_y_dim=\dimen184
\l__coffin_x_dim=\dimen185
\l__coffin_y_dim=\dimen186
\l__coffin_x_prime_dim=\dimen187
\l__coffin_y_prime_dim=\dimen188
\c_empty_coffin=\box44
\l__coffin_aligned_coffin=\box45
\l__coffin_aligned_internal_coffin=\box46
\l_tmpa_coffin=\box47
\l_tmpb_coffin=\box48
\l__coffin_display_coffin=\box49
\l__coffin_display_coord_coffin=\box50
\l__coffin_display_pole_coffin=\box51
\l__coffin_display_offset_dim=\dimen189
\l__coffin_display_x_dim=\dimen190
\l__coffin_display_y_dim=\dimen191
\l__coffin_bounding_shift_dim=\dimen192
\l__coffin_left_corner_dim=\dimen193
\l__coffin_right_corner_dim=\dimen194
\l__coffin_bottom_corner_dim=\dimen256
\l__coffin_top_corner_dim=\dimen257
\l__coffin_scaled_total_height_dim=\dimen258
\l__coffin_scaled_width_dim=\dimen259
)
("C:\Program Files\MiKTeX 2.9\tex\latex\l3kernel\l3pdfmode.def"
File: l3pdfmode.def 2017/03/18 v L3 Experimental driver: PDF mode
\l__driver_color_stack_int=\count362
))
Package: xparse 2018/02/21 L3 Experimental document command parser
\l__xparse_current_arg_int=\count363
\g__xparse_grabber_int=\count364
\l__xparse_m_args_int=\count365
\l__xparse_mandatory_args_int=\count366
\l__xparse_v_nesting_int=\count367
)
("C:\Program Files\MiKTeX 2.9\tex\latex\fancyhdr\fancyhdr.sty"
Package: fancyhdr 2017/06/30 v3.9a Extensive control of page headers and footer
s
\f@nch@headwidth=\skip281
\f@nch@O@elh=\skip282
\f@nch@O@erh=\skip283
\f@nch@O@olh=\skip284
\f@nch@O@orh=\skip285
\f@nch@O@elf=\skip286
\f@nch@O@erf=\skip287
\f@nch@O@olf=\skip288
\f@nch@O@orf=\skip289
)
("C:\Program Files\MiKTeX 2.9\tex\latex\koma-script\typearea.sty"
Package: typearea 2018/03/30 v3.25 KOMA-Script package (type area)

("C:\Program Files\MiKTeX 2.9\tex\latex\koma-script\scrkbase.sty"
Package: scrkbase 2018/03/30 v3.25 KOMA-Script package (KOMA-Script-dependent b
asics and keyval usage)

("C:\Program Files\MiKTeX 2.9\tex\latex\koma-script\scrbase.sty"
Package: scrbase 2018/03/30 v3.25 KOMA-Script package (KOMA-Script-independent 
basics and keyval usage)

("C:\Program Files\MiKTeX 2.9\tex\latex\koma-script\scrlfile.sty"
Package: scrlfile 2018/03/30 v3.25 KOMA-Script package (loading files)


LaTeX Warning: Command \InputIfFileExists  has changed.
               Check if current package is valid.

)))
\ta@bcor=\skip290
\ta@div=\count368
Package typearea Info: You've used standard option `oneside'.
(typearea)             This is correct!
(typearea)             Internally I'm using `twoside=false'.
(typearea)             If you'd like to set the option with \KOMAoptions,
(typearea)             you'd have to use `twoside=false' there
(typearea)             instead of `oneside', too.
Package typearea Info: You've used standard option `a4paper'.
(typearea)             This is correct!
(typearea)             Internally I'm using `paper=a4'.
(typearea)             If you'd like to set the option with \KOMAoptions,
(typearea)             you'd have to use `paper=a4' there
(typearea)             instead of `a4paper', too.
\ta@hblk=\skip291
\ta@vblk=\skip292
\ta@temp=\skip293
\footheight=\skip294
Package typearea Info: These are the values describing the layout:
(typearea)             DIV  = 12
(typearea)             BCOR = 0.0pt
(typearea)             \paperwidth      = 597.50793pt
(typearea)              \textwidth      = 448.13095pt
(typearea)              DIV departure   = -6%
(typearea)              \evensidemargin = 2.4185pt
(typearea)              \oddsidemargin  = 2.4185pt
(typearea)             \paperheight     = 845.04694pt
(typearea)              \textheight     = 641.80614pt
(typearea)              \topmargin      = -51.33417pt
(typearea)              \headheight     = 22.49307pt
(typearea)              \headsep        = 26.99168pt
(typearea)              \topskip        = 12.0pt
(typearea)              \footskip       = 62.9806pt
(typearea)              \baselineskip   = 17.99446pt
(typearea)              on input line 1706.
) ("C:\Program Files\MiKTeX 2.9\tex\latex\geometry\geometry.sty"
Package: geometry 2018/03/24 v5.7 Page Geometry
\Gm@cnth=\count369
\Gm@cntv=\count370
\c@Gm@tempcnt=\count371
\Gm@bindingoffset=\dimen260
\Gm@wd@mp=\dimen261
\Gm@odd@mp=\dimen262
\Gm@even@mp=\dimen263
\Gm@layoutwidth=\dimen264
\Gm@layoutheight=\dimen265
\Gm@layouthoffset=\dimen266
\Gm@layoutvoffset=\dimen267
\Gm@dimlist=\toks46

("C:\Program Files\MiKTeX 2.9\tex\latex\geometry\geometry.cfg"))
("C:\Program Files\MiKTeX 2.9\tex\latex\xcolor\xcolor.sty"
Package: xcolor 2016/05/11 v2.12 LaTeX color extensions (UK)

("C:\Program Files\MiKTeX 2.9\tex\latex\graphics-cfg\color.cfg"
File: color.cfg 2016/01/02 v1.6 sample color configuration
)
Package xcolor Info: Driver file: pdftex.def on input line 225.
LaTeX Info: Redefining \color on input line 709.
Package xcolor Info: Model `cmy' substituted by `cmy0' on input line 1348.
Package xcolor Info: Model `hsb' substituted by `rgb' on input line 1352.
Package xcolor Info: Model `RGB' extended on input line 1364.
Package xcolor Info: Model `HTML' substituted by `rgb' on input line 1366.
Package xcolor Info: Model `Hsb' substituted by `hsb' on input line 1367.
Package xcolor Info: Model `tHsb' substituted by `hsb' on input line 1368.
Package xcolor Info: Model `HSB' substituted by `hsb' on input line 1369.
Package xcolor Info: Model `Gray' substituted by `gray' on input line 1370.
Package xcolor Info: Model `wave' substituted by `hsb' on input line 1371.
)
("C:\Program Files\MiKTeX 2.9\tex\latex\morewrites\morewrites.sty"
("C:\Program Files\MiKTeX 2.9\tex\latex\morewrites\primargs.sty"
Package: primargs 2018/04/04 Parsing arguments of primitives
)
Package: morewrites 2018/04/04 Always room for a new write
\g__morewrites_later_int=\count372
\l__morewrites_user_int=\count373
\g__morewrites_iow=\write4
\g__morewrites_ior=\read2
\g__morewrites_group_level_int=\count374
\g__morewrites_shipout_box=\box52
\l__morewrites_collect_next_int=\count375
\g__morewrites_alloc_write_int=\count376
)
("C:\Program Files\MiKTeX 2.9\tex\latex\tools\multicol.sty"
Package: multicol 2018/04/01 v1.8r multicolumn formatting (FMi)
\c@tracingmulticols=\count377
\mult@box=\box53
\multicol@leftmargin=\dimen268
\c@unbalance=\count378
\c@collectmore=\count379
\doublecol@number=\count380
\multicoltolerance=\count381
\multicolpretolerance=\count382
\full@width=\dimen269
\page@free=\dimen270
\premulticols=\dimen271
\postmulticols=\dimen272
\multicolsep=\skip295
\multicolbaselineskip=\skip296
\partial@page=\box54
\last@line=\box55
\maxbalancingoverflow=\dimen273
\mult@rightbox=\box56
\mult@grightbox=\box57
\mult@gfirstbox=\box58
\mult@firstbox=\box59
\@tempa=\box60
\@tempa=\box61
\@tempa=\box62
\@tempa=\box63
\@tempa=\box64
\@tempa=\box65
\@tempa=\box66
\@tempa=\box67
\@tempa=\box68
\@tempa=\box69
\@tempa=\box70
\@tempa=\box71
\@tempa=\box72
\@tempa=\box73
\@tempa=\box74
\@tempa=\box75
\@tempa=\box76
\c@columnbadness=\count383
\c@finalcolumnbadness=\count384
\last@try=\dimen274
\multicolovershoot=\dimen275
\multicolundershoot=\dimen276
\mult@nat@firstbox=\box77
\colbreak@box=\box78
\mc@col@check@num=\count385
)
("C:\Program Files\MiKTeX 2.9\tex\latex\microtype\microtype.sty"
Package: microtype 2018/01/14 v2.7a Micro-typographical refinements (RS)
\MT@toks=\toks47
\MT@count=\count386
LaTeX Info: Redefining \textls on input line 793.
\MT@outer@kern=\dimen277
LaTeX Info: Redefining \textmicrotypecontext on input line 1339.
\MT@listname@count=\count387

("C:\Program Files\MiKTeX 2.9\tex\latex\microtype\microtype-pdftex.def"
File: microtype-pdftex.def 2018/01/14 v2.7a Definitions specific to pdftex (RS)

LaTeX Info: Redefining \lsstyle on input line 913.
LaTeX Info: Redefining \lslig on input line 913.
\MT@outer@space=\skip297
)
Package microtype Info: Loading configuration file microtype.cfg.

("C:\Program Files\MiKTeX 2.9\tex\latex\microtype\microtype.cfg"
File: microtype.cfg 2018/01/14 v2.7a microtype main configuration file (RS)
))
("C:\Program Files\MiKTeX 2.9\tex\latex\breakurl\breakurl.sty"
Package: breakurl 2013/04/10 v1.40 Breakable hyperref URLs


Package breakurl Warning: You are using breakurl while processing via pdflatex.

(breakurl)                \burl will be just a synonym of \url.
(breakurl)                 on input line 48.

) ("C:\Program Files\MiKTeX 2.9\tex\latex\carlisle\remreset.sty")
("C:\Program Files\MiKTeX 2.9\tex\latex\hyperref\backref.sty"
Package: backref 2016/05/21 v1.39 Bibliographical back referencing
)
("C:\Program Files\MiKTeX 2.9\tex\latex\abntex2\abntex2cite.sty"
Package: abntex2cite 2016/02/26 v-1.9.6 abnTeX2

("C:\Program Files\MiKTeX 2.9\tex\latex\abntex2\abntex2abrev.sty")
("C:\Program Files\MiKTeX 2.9\tex\latex\setspace\setspace.sty"
Package: setspace 2011/12/19 v6.7a set line spacing
)
\minimumbiblabelwidth=\skip298
\ABCIauxlen=\skip299
\c@ABCIaux=\count388
\c@ABCImax=\count389

("C:\Program Files\MiKTeX 2.9\tex\latex\relsize\relsize.sty"
Package: relsize 2013/03/29 ver 4.1
)
\biblabelsep=\skip300
LaTeX Info: Redefining \newblock on input line 591.
LaTeX Info: Redefining \cite on input line 618.
\ABCItoken=\toks48
)
Package hyperref Info: Option `colorlinks' set `true' on input line 126.

("C:\Program Files\MiKTeX 2.9\tex\latex\nomencl\nomencl.sty"
Package: nomencl 2005/09/22 v4.2 Nomenclature package (LN)
\nomlabelwidth=\dimen278
\nom@tempdim=\dimen279
\nomitemsep=\skip301
)
("C:\Program Files\MiKTeX 2.9\tex\latex\caption\caption.sty"
Package: caption 2016/02/21 v3.3-144 Customizing captions (AR)

("C:\Program Files\MiKTeX 2.9\tex\latex\caption\caption3.sty"
Package: caption3 2016/05/22 v1.7-166 caption3 kernel (AR)
Package caption3 Info: TeX engine: e-TeX on input line 67.
\captionmargin=\dimen280
\captionmargin@=\dimen281
\captionwidth=\dimen282
\caption@tempdima=\dimen283
\caption@indent=\dimen284
\caption@parindent=\dimen285
\caption@hangindent=\dimen286
Package caption Info: Unknown document class (or package),
(caption)             standard defaults will be used.
)

Package caption Warning: Unsupported document class (or package) detected,
(caption)                usage of the caption package is not recommended.
See the caption package documentation for explanation.

Package caption Info: \@makecaption = \long macro:#1#2->\let \@memtempa \relax 
\ifdim \prevdepth >-99\p@ \vskip \abovecaptionskip \else \def \@memtempa {\vbox
 to\topskip {}}\fi \@@makecaption {#1}{#2}\vskip \belowcaptionskip .
\c@ContinuedFloat=\count390
Package caption Info: hyperref package is loaded.
Package caption Info: longtable package is loaded.
("C:\Program Files\MiKTeX 2.9\tex\latex\caption\ltcaption.sty"
Package: ltcaption 2013/06/09 v1.4-94 longtable captions (AR)
)
Package caption Info: rotating package is loaded.
)
("C:\Program Files\MiKTeX 2.9\tex\latex\listings\listings.sty"
\lst@mode=\count391
\lst@gtempboxa=\box79
\lst@token=\toks49
\lst@length=\count392
\lst@currlwidth=\dimen287
\lst@column=\count393
\lst@pos=\count394
\lst@lostspace=\dimen288
\lst@width=\dimen289
\lst@newlines=\count395
\lst@lineno=\count396
\lst@maxwidth=\dimen290

("C:\Program Files\MiKTeX 2.9\tex\latex\listings\lstmisc.sty"
File: lstmisc.sty 2015/06/04 1.6 (Carsten Heinz)
\c@lstnumber=\count397
\lst@skipnumbers=\count398
\lst@framebox=\box80
)
("C:\Program Files\MiKTeX 2.9\tex\latex\listings\listings.cfg"
File: listings.cfg 2015/06/04 1.6 listings configuration
))
Package: listings 2015/06/04 1.6 (Carsten Heinz)

("C:\Program Files\MiKTeX 2.9\tex\latex\algorithms\algorithmic.sty"
Package: algorithmic 2009/08/24 v0.1 Document Style `algorithmic'
\c@ALC@unique=\count399
\c@ALC@line=\count400
\c@ALC@rem=\count401
\c@ALC@depth=\count402
\ALC@tlm=\skip302
\algorithmicindent=\skip303
)
\UTFPRsignwidth=\skip304
\UTFPRsignthickness=\skip305
\UTFPRsignskip=\skip306

("C:\Program Files\MiKTeX 2.9\tex\latex\tools\indentfirst.sty"
Package: indentfirst 1995/11/23 v1.03 Indent first paragraph (DPC)
)
\siglawidth=\skip307
\siglamaxwidth=\skip308
\simbwidth=\skip309
\simbmaxwidth=\skip310
\abrevwidth=\skip311
\abrevmaxwidth=\skip312
\c@nrobanca=\count403
\linha=\skip313
\c@qdrdepth=\count404
\c@quadro=\count405
\cftbeforequadroskip=\skip314
\cftquadroindent=\skip315
\cftquadronumwidth=\skip316
\c@grfdepth=\count406
\c@grafico=\count407
\cftbeforegraficoskip=\skip317
\cftgraficoindent=\skip318
\cftgraficonumwidth=\skip319
\c@ftgdepth=\count408
\c@foto=\count409
\cftbeforefotoskip=\skip320
\cftfotoindent=\skip321
\cftfotonumwidth=\skip322
\c@flxdepth=\count410
\c@fluxo=\count411
\cftbeforefluxoskip=\skip323
\cftfluxoindent=\skip324
\cftfluxonumwidth=\skip325
\c@loadepth=\count412
\c@algorithm=\count413
\cftbeforealgorithmskip=\skip326
\cftalgorithmindent=\skip327
\cftalgorithmnumwidth=\skip328
\cftbeforelstlistingskip=\skip329
\cftlstlistingindent=\skip330
\cftlstlistingnumwidth=\skip331
\idxtitle@abrevia=\toks50
\tf@abrevia=\write19
\openout4 = `modelo_dissertacao.abreviax'.

Package index Info: Writing index file modelo_dissertacao.abreviax on input lin
e 1589.
\idxtitle@acron=\toks51
\tf@acron=\write20
\openout4 = `modelo_dissertacao.acronx'.

Package index Info: Writing index file modelo_dissertacao.acronx on input line 
1618.
\tmplen=\skip332
\widestchapter=\skip333
\widestsection=\skip334
\widestsubsection=\skip335
\widestsubsubsection=\skip336
\widestparagraph=\skip337
\cftnumpad=\skip338
\c@absfigure=\count414
\c@abstable=\count415
\c@absequation=\count416
)
("C:\Program Files\MiKTeX 2.9\tex\latex\floatrow\floatrow.sty"
Package: floatrow 2008/08/02 v0.3b floatrow: float package extension
\c@float@type=\count417
\float@exts=\toks52
\float@box=\box81
\@floatcapt=\box82
Package floatrow Info: Modified float package code loaded on input line 455.
Package floatrow Info: Modified rotfloat package code loaded on input line 473.

\FR@everyfloat=\toks53
\flrow@foot=\insert251
\FB@wd=\dimen291
\FBo@wd=\dimen292
\FBc@wd=\dimen293
\FBo@ht=\skip339
\FBc@ht=\skip340
\FBf@ht=\skip341
\FBo@max=\skip342
\FBc@max=\skip343
\FBf@max=\skip344
\c@FBl@b=\count418
\floatbox@depth=\count419
\c@FRobj=\count420
\c@FRsobj=\count421
\Xhsize=\skip345
\sXhsize=\skip346
\Zhsize=\skip347
\sZhsize=\skip348
\flrow@rowbox=\box83
\FR@Zunitlength=\dimen294
\c@FBcnt=\count422
\FPOScnt=\count423
\LTleft=\skip349
\LTright=\skip350
\LTleft=\skip351
\LTright=\skip352
\flrow@types=\toks54
)
("C:\Program Files\MiKTeX 2.9\tex\latex\amsfonts\amsfonts.sty"
Package: amsfonts 2013/01/14 v3.01 Basic AMSFonts support
\symAMSa=\mathgroup4
\symAMSb=\mathgroup5
LaTeX Font Info:    Overwriting math alphabet `\mathfrak' in version `bold'
(Font)                  U/euf/m/n --> U/euf/b/n on input line 106.
)
("C:\Program Files\MiKTeX 2.9\tex\latex\amsfonts\amssymb.sty"
Package: amssymb 2013/01/14 v3.01 AMS font symbols
)
("C:\Program Files\MiKTeX 2.9\tex\latex\amscls\amsthm.sty"
Package: amsthm 2017/10/31 v2.20.4
\thm@style=\toks55
\thm@bodyfont=\toks56
\thm@headfont=\toks57
\thm@notefont=\toks58
\thm@headpunct=\toks59
\thm@preskip=\skip353
\thm@postskip=\skip354
\thm@headsep=\skip355
\dth@everypar=\toks60
)
("C:\Program Files\MiKTeX 2.9\tex\latex\footmisc\footmisc.sty"
Package: footmisc 2011/06/06 v5.5b a miscellany of footnote facilities
\FN@temptoken=\toks61
\footnotemargin=\dimen295


LaTeX Warning: Command \@makecol  has changed.
               Check if current package is valid.

\c@pp@next@reset=\count424
Package footmisc Info: Declaring symbol style bringhurst on input line 855.
Package footmisc Info: Declaring symbol style chicago on input line 863.
Package footmisc Info: Declaring symbol style wiley on input line 872.
Package footmisc Info: Declaring symbol style lamport-robust on input line 883.

Package footmisc Info: Declaring symbol style lamport* on input line 903.
Package footmisc Info: Declaring symbol style lamport*-robust on input line 924
.
) ("C:\Program Files\MiKTeX 2.9\tex\latex\subfig\subfig.sty"
Package: subfig 2005/06/28 ver: 1.3 subfig package
\c@KVtest=\count425
\sf@farskip=\skip356
\sf@captopadj=\dimen296
\sf@capskip=\skip357
\sf@nearskip=\skip358
\c@subfigure=\count426
\c@subfigure@save=\count427
\c@subtable=\count428
\c@subtable@save=\count429
\sf@top=\skip359
\sf@bottom=\skip360
)
("C:\Program Files\MiKTeX 2.9\tex\latex\threeparttable\threeparttable.sty"
Package: threeparttable 2003/06/13  v 3.0
\@tempboxb=\box84
)
("C:\Program Files\MiKTeX 2.9\tex\latex\lipsum\lipsum.sty"
Package: lipsum 2014/07/27 v1.3 150 paragraphs of Lorem Ipsum dummy text
\c@lips@count=\count430
)
\c@problema=\count431
\c@definicao=\count432
\c@proposicao=\count433
\c@teorema=\count434
\c@lema=\count435
\c@corolario=\count436
\c@exemplo=\count437

("C:\Program Files\MiKTeX 2.9\tex\latex\psnfss\helvet.sty"
Package: helvet 2005/04/12 PSNFSS-v9.2a (WaS) 
)
\@nomenclaturefile=\write21
\openout4 = `modelo_dissertacao.nlo'.


Writing nomenclature file modelo_dissertacao.nlo
\glswrite=\write22
\glo@main@file=\write23
\openout4 = `modelo_dissertacao.glo'.

Package glossaries Info: Writing glossary file modelo_dissertacao.glo on input 
line 62.
\glo@acronym@file=\write24
\openout4 = `modelo_dissertacao.acn'.

Package glossaries Info: Writing glossary file modelo_dissertacao.acn on input 
line 62.
\@input{entradas_glossario.aux}
\openout2 = `entradas_glossario.aux'.

(entradas_glossario.tex)

LaTeX Warning: Unused global option(s):
    [french].

(modelo_dissertacao.aux (errata.aux))
\openout1 = `modelo_dissertacao.aux'.

LaTeX Font Info:    Checking defaults for OML/cmm/m/it on input line 114.
LaTeX Font Info:    ... okay on input line 114.
LaTeX Font Info:    Checking defaults for T1/cmr/m/n on input line 114.
LaTeX Font Info:    ... okay on input line 114.
LaTeX Font Info:    Checking defaults for OT1/cmr/m/n on input line 114.
LaTeX Font Info:    ... okay on input line 114.
LaTeX Font Info:    Checking defaults for OMS/cmsy/m/n on input line 114.
LaTeX Font Info:    ... okay on input line 114.
LaTeX Font Info:    Checking defaults for OMX/cmex/m/n on input line 114.
LaTeX Font Info:    ... okay on input line 114.
LaTeX Font Info:    Checking defaults for U/cmr/m/n on input line 114.
LaTeX Font Info:    ... okay on input line 114.
LaTeX Font Info:    Checking defaults for PD1/pdf/m/n on input line 114.
LaTeX Font Info:    ... okay on input line 114.
LaTeX Font Info:    Try loading font information for T1+phv on input line 114.

("C:\Program Files\MiKTeX 2.9\tex\latex\psnfss\t1phv.fd"
File: t1phv.fd 2001/06/04 scalable font definitions for T1/phv.
)
LaTeX Font Info:    Font shape `T1/phv/m/n' will be
(Font)              scaled to size 10.79993pt on input line 114.
\AtBeginShipoutBox=\box85
Package hyperref Info: Link coloring ON on input line 114.

("C:\Program Files\MiKTeX 2.9\tex\latex\hyperref\nameref.sty"
Package: nameref 2016/05/21 v2.44 Cross-referencing by name of section

("C:\Program Files\MiKTeX 2.9\tex\generic\oberdiek\gettitlestring.sty"
Package: gettitlestring 2016/05/16 v1.5 Cleanup title references (HO)
)
\c@section@level=\count438
)
LaTeX Info: Redefining \ref on input line 114.
LaTeX Info: Redefining \pageref on input line 114.
LaTeX Info: Redefining \nameref on input line 114.
\myptabbox=\box86
\myptabboxwidth=\skip361

("C:\Program Files\MiKTeX 2.9\tex\latex\glossaries-english\glossaries-dictionar
y-English.dict"
Dictionary: glossaries-dictionary, Language: English 
)
("C:\Program Files\MiKTeX 2.9\tex\latex\glossaries-spanish\glossaries-dictionar
y-Spanish.dict"
Dictionary: glossaries-dictionary, Language: Spanish 
)
("C:\Program Files\MiKTeX 2.9\tex\latex\glossaries-portuges\glossaries-dictiona
ry-Brazilian.dict"
Dictionary: glossaries-dictionary, Language: Brazilian 
) ("C:\Program Files\MiKTeX 2.9\tex\context\base\supp-pdf.mkii"
[Loading MPS to PDF converter (version 2006.09.02).]
\scratchcounter=\count439
\scratchdimen=\dimen297
\scratchbox=\box87
\nofMPsegments=\count440
\nofMParguments=\count441
\everyMPshowfont=\toks62
\MPscratchCnt=\count442
\MPscratchDim=\dimen298
\MPnumerator=\count443
\makeMPintoPDFobject=\count444
\everyMPtoPDFconversion=\toks63
) ("C:\Program Files\MiKTeX 2.9\tex\latex\oberdiek\epstopdf-base.sty"
Package: epstopdf-base 2016/05/15 v2.6 Base part for package epstopdf

("C:\Program Files\MiKTeX 2.9\tex\latex\oberdiek\grfext.sty"
Package: grfext 2016/05/16 v1.2 Manage graphics extensions (HO)
)
Package epstopdf-base Info: Redefining graphics rule for `.eps' on input line 4
38.
Package grfext Info: Graphics extension search list:
(grfext)             [.pdf,.png,.jpg,.mps,.jpeg,.jbig2,.jb2,.PDF,.PNG,.JPG,.JPE
G,.JBIG2,.JB2,.eps]
(grfext)             \AppendGraphicsExtensions on input line 456.
)
Package lastpage Info: Please have a look at the pageslts package at
(lastpage)             https://www.ctan.org/pkg/pageslts
(lastpage)             ! on input line 114.

*geometry* driver: auto-detecting
*geometry* detected driver: pdftex
*geometry* verbose mode - [ preamble ] result:
* driver: pdftex
* paper: a4paper
* layout: <same size as paper>
* layoutoffset:(h,v)=(0.0pt,0.0pt)
* modes: 
* h-part:(L,W,R)=(85.35826pt, 455.24411pt, 56.9055pt)
* v-part:(T,H,B)=(85.35826pt, 702.78308pt, 56.9055pt)
* \paperwidth=597.50787pt
* \paperheight=845.04684pt
* \textwidth=455.24411pt
* \textheight=702.78308pt
* \oddsidemargin=13.08827pt
* \evensidemargin=13.08827pt
* \topmargin=-36.39648pt
* \headheight=22.49307pt
* \headsep=26.99168pt
* \topskip=12.0pt
* \footskip=62.9806pt
* \marginparwidth=49.79233pt
* \marginparsep=12.8401pt
* \columnsep=10.0pt
* \skip\footins=12.0pt plus 4.0pt minus 4.0pt
* \hoffset=0.0pt
* \voffset=0.0pt
* \mag=1000
* \@twocolumnfalse
* \@twosidefalse
* \@mparswitchfalse
* \@reversemarginfalse
* (1in=72.27pt=25.4mm, 1cm=28.453pt)

LaTeX Info: Redefining \microtypecontext on input line 114.
Package microtype Info: Generating PDF output.
Package microtype Info: Character protrusion enabled (level 2).
Package microtype Info: Using default protrusion set `alltext'.
Package microtype Info: Automatic font expansion enabled (level 2),
(microtype)             stretch: 20, shrink: 20, step: 1, non-selected.
Package microtype Info: Using default expansion set `basictext'.
Package microtype Info: No adjustment of tracking.
Package microtype Info: No adjustment of interword spacing.
Package microtype Info: No adjustment of character kerning.
Package microtype Info: Loading generic protrusion settings for font family
(microtype)             `phv' (encoding: T1).
(microtype)             For optimal results, create family-specific settings.
(microtype)             See the microtype manual for details.
Package caption Info: Begin \AtBeginDocument code.
Package caption Info: subfig package v1.3 is loaded.
Package caption Info: floatrow package is loaded.
Package caption Info: float package is loaded.
Package caption Info: floatrow package is loaded.
Package caption Info: listings package is loaded.
Package caption Info: threeparttable package is loaded.
Package caption Info: End \AtBeginDocument code.
\c@lstlisting=\count445
\c@fltdepth=\count446
\idxtitle@default=\toks64
\tf@default=\write25
\openout4 = `modelo_dissertacao.idx'.

Package index Info: Writing index file modelo_dissertacao.idx on input line 114
.
("C:\Program Files\MiKTeX 2.9\tex\latex\floatrow\fr-subfig.sty"
Package: fr-subfig 2007/12/24 v0.1g (beta) floatrow: additions for subfig
\FBsc@max=\skip362
\FBso@max=\skip363
)
("C:\Program Files\MiKTeX 2.9\tex\latex\floatrow\fr-longtable.sty"
Package: fr-longtable 2007/11/28 v0.1b (beta) floatrow: additions for longtable

\flrow@LT@lasthead=\box88
\flrow@LT@prelastfoot=\box89
\c@FBLTpage=\count447
)
LaTeX Font Info:    Font shape `T1/phv/bx/n' in size <12> not available
(Font)              Font shape `T1/phv/b/n' tried instead on input line 116.
LaTeX Font Info:    Font shape `T1/phv/b/n' will be
(Font)              scaled to size 10.79993pt on input line 116.
LaTeX Font Info:    Font shape `T1/phv/m/n' will be
(Font)              scaled to size 12.59991pt on input line 116.
LaTeX Font Info:    Font shape `T1/phv/bx/n' in size <14> not available
(Font)              Font shape `T1/phv/b/n' tried instead on input line 116.
LaTeX Font Info:    Font shape `T1/phv/b/n' will be
(Font)              scaled to size 12.59991pt on input line 116.
\openout4 = `modelo_dissertacao.mw'.

 [1




{C:/Users/Jeff/AppData/Local/MiKTeX/2.9/pdftex/config/pdftex.map}]
(modelo_dissertacao.mw)
\openout4 = `modelo_dissertacao.mw'.

\openout4 = `modelo_dissertacao.ist'.

\openout4 = `modelo_dissertacao.mw'.

\openout4 = `modelo_dissertacao.mw'.

\openout4 = `modelo_dissertacao.mw'.

\openout4 = `modelo_dissertacao.mw'.

\openout4 = `modelo_dissertacao.mw'.

\openout4 = `modelo_dissertacao.mw'.

\openout4 = `modelo_dissertacao.mw'.

\openout4 = `modelo_dissertacao.mw'.

\openout4 = `modelo_dissertacao.mw'.

\openout4 = `modelo_dissertacao.mw'.

\openout4 = `modelo_dissertacao.mw'.

\openout4 = `modelo_dissertacao.mw'.

\openout4 = `modelo_dissertacao.mw'.

\openout4 = `modelo_dissertacao.mw'.

\openout4 = `modelo_dissertacao.mw'.

\openout4 = `modelo_dissertacao.mw'.

\openout4 = `modelo_dissertacao.mw'.

\openout4 = `modelo_dissertacao.mw'.

\openout4 = `modelo_dissertacao.mw'.

\openout4 = `modelo_dissertacao.mw'.

\openout4 = `modelo_dissertacao.mw'.

\openout4 = `modelo_dissertacao.mw'.

\openout4 = `modelo_dissertacao.mw'.

\openout4 = `modelo_dissertacao.mw'.

\openout4 = `modelo_dissertacao.mw'.

\openout4 = `modelo_dissertacao.mw'.

\openout4 = `modelo_dissertacao.mw'.

\openout4 = `modelo_dissertacao.mw'.

\openout4 = `modelo_dissertacao.mw'.

\openout4 = `modelo_dissertacao.mw'.

\openout4 = `modelo_dissertacao.mw'.

\openout4 = `modelo_dissertacao.mw'.

\openout4 = `modelo_dissertacao.mw'.

\openout4 = `modelo_dissertacao.mw'.

\openout4 = `modelo_dissertacao.mw'.

\openout4 = `modelo_dissertacao.mw'.

\openout4 = `modelo_dissertacao.mw'.

\openout4 = `modelo_dissertacao.mw'.

\openout4 = `modelo_dissertacao.mw'.

\openout4 = `modelo_dissertacao.mw'.

\openout4 = `modelo_dissertacao.mw'.

\openout4 = `modelo_dissertacao.mw'.

\openout4 = `modelo_dissertacao.mw'.

\openout4 = `modelo_dissertacao.mw'.

\openout4 = `modelo_dissertacao.mw'.

\openout4 = `modelo_dissertacao.mw'.

\openout4 = `modelo_dissertacao.mw'.

\openout4 = `modelo_dissertacao.mw'.

\openout4 = `modelo_dissertacao.mw'.

\openout4 = `modelo_dissertacao.mw'.

\openout4 = `modelo_dissertacao.mw'.

\openout4 = `modelo_dissertacao.mw'.

\openout4 = `modelo_dissertacao.mw'.

\openout4 = `modelo_dissertacao.mw'.

\openout4 = `modelo_dissertacao.mw'.

\openout4 = `modelo_dissertacao.mw'.

\openout4 = `modelo_dissertacao.mw'.

\openout4 = `modelo_dissertacao.mw'.

\openout4 = `modelo_dissertacao.mw'.

\openout4 = `modelo_dissertacao.mw'.

\openout4 = `modelo_dissertacao.mw'.

\openout4 = `modelo_dissertacao.mw'.

\openout4 = `modelo_dissertacao.ist'.

\openout4 = `modelo_dissertacao.mw'.

\openout4 = `modelo_dissertacao.mw'.

\openout4 = `modelo_dissertacao.mw'.

\openout4 = `modelo_dissertacao.mw'.

\openout4 = `modelo_dissertacao.mw'.

\openout4 = `modelo_dissertacao.mw'.


("C:\Program Files\MiKTeX 2.9\tex\latex\microtype\mt-cmr.cfg"
File: mt-cmr.cfg 2013/05/19 v2.2 microtype config. file: Computer Modern Roman 
(RS)
)
LaTeX Font Info:    Try loading font information for U+msa on input line 127.

("C:\Program Files\MiKTeX 2.9\tex\latex\amsfonts\umsa.fd"
File: umsa.fd 2013/01/14 v3.01 AMS symbols A
)
("C:\Program Files\MiKTeX 2.9\tex\latex\microtype\mt-msa.cfg"
File: mt-msa.cfg 2006/02/04 v1.1 microtype config. file: AMS symbols (a) (RS)
)
LaTeX Font Info:    Try loading font information for U+msb on input line 127.

("C:\Program Files\MiKTeX 2.9\tex\latex\amsfonts\umsb.fd"
File: umsb.fd 2013/01/14 v3.01 AMS symbols B
)
("C:\Program Files\MiKTeX 2.9\tex\latex\microtype\mt-msb.cfg"
File: mt-msb.cfg 2005/06/01 v1.0 microtype config. file: AMS symbols (b) (RS)
)pdfTeX warning (ext4): destination with the same identifier (name{page.1}) has
 been already used, duplicate ignored
<to be read again> 
                   \relax 
l.136 	\newpage
               
\openout4 = `modelo_dissertacao.mw'.

 [1

] (modelo_dissertacao.mw)
\openout4 = `modelo_dissertacao.mw'.

LaTeX Font Info:    Font shape `T1/phv/m/n' will be
(Font)              scaled to size 9.85492pt on input line 137.
LaTeX Font Info:    Font shape `T1/phv/m/n' will be
(Font)              scaled to size 8.09995pt on input line 141.
LaTeX Font Info:    Font shape `T1/phv/bx/n' in size <9> not available
(Font)              Font shape `T1/phv/b/n' tried instead on input line 141.
LaTeX Font Info:    Font shape `T1/phv/b/n' will be
(Font)              scaled to size 8.09995pt on input line 141.
\openout4 = `modelo_dissertacao.mw'.

 [2] (modelo_dissertacao.mw)
\openout4 = `modelo_dissertacao.mw'.

LaTeX Font Info:    Font shape `T1/phv/m/n' will be
(Font)              scaled to size 8.99994pt on input line 164.
<brasao.png, id=21, 260.8947pt x 261.6174pt>
File: brasao.png Graphic file (type png)
<use brasao.png>
Package pdftex.def Info: brasao.png  used on input line 164.
(pdftex.def)             Requested size: 62.59605pt x 62.76949pt.
<logo-utfpr.png, id=23, 48.56544pt x 17.77843pt>
File: logo-utfpr.png Graphic file (type png)
<use logo-utfpr.png>
Package pdftex.def Info: logo-utfpr.png  used on input line 164.
(pdftex.def)             Requested size: 85.35826pt x 31.24886pt.


Package Fancyhdr Warning: \headheight is too small (59.40894pt): 
 Make it at least 70.14018pt.
 We now make it that large for the rest of the document.
 This may cause the page layout to be inconsistent, however.


Package Fancyhdr Warning: \footskip is too small (0.0pt): 
 Make it at least 10.14995pt.
 We now make it that large for the rest of the document.
 This may cause the page layout to be inconsistent, however.

\openout4 = `modelo_dissertacao.mw'.

[3

 <C:/Program Files/MiKTeX 2.9/tex/latex/utfprcptex2/brasao.png> <C:/Program Fil
es/MiKTeX 2.9/tex/latex/utfprcptex2/logo-utfpr.png>] (modelo_dissertacao.mw)
\openout4 = `modelo_dissertacao.mw'.

\openout2 = `errata.aux'.


No file errata.tex.
\openout4 = `modelo_dissertacao.mw'.

[4




] (modelo_dissertacao.mw)
\openout4 = `modelo_dissertacao.mw'.

\openout4 = `modelo_dissertacao.mw'.

 [5




] (modelo_dissertacao.mw)
\openout4 = `modelo_dissertacao.mw'.

\openout4 = `modelo_dissertacao.mw'.

 [6



]
(modelo_dissertacao.mw)
\openout4 = `modelo_dissertacao.mw'.

\openout4 = `modelo_dissertacao.mw'.

 [7




] (modelo_dissertacao.mw)
\openout4 = `modelo_dissertacao.mw'.

\openout4 = `modelo_dissertacao.mw'.

 [8



] (modelo_dissertacao.mw)
\openout4 = `modelo_dissertacao.mw'.

(modelo_dissertacao.lof)
\openout4 = `modelo_dissertacao.mw'.

 [9


] (modelo_dissertacao.mw)
\openout4 = `modelo_dissertacao.mw'.

 (modelo_dissertacao.lot)
\openout4 = `modelo_dissertacao.mw'.


[10


] (modelo_dissertacao.mw)
\openout4 = `modelo_dissertacao.mw'.

 (modelo_dissertacao.toc
LaTeX Font Info:    Font shape `T1/phv/m/sc' will be
(Font)              scaled to size 10.79993pt on input line 12.
)
\openout4 = `modelo_dissertacao.mw'.

 [11



]
(modelo_dissertacao.mw)
\openout4 = `modelo_dissertacao.mw'.

 (capitulo1/cap1.tex
LaTeX Font Info:    Font shape `T1/phv/m/it' in size <12> not available
(Font)              Font shape `T1/phv/m/sl' tried instead on input line 6.
LaTeX Font Info:    Font shape `T1/phv/m/sl' will be
(Font)              scaled to size 10.79993pt on input line 6.
\openout4 = `modelo_dissertacao.mw'.

 [12


] (modelo_dissertacao.mw)
\openout4 = `modelo_dissertacao.mw'.

\openout4 = `modelo_dissertacao.mw'.

\openout4 = `modelo_dissertacao.mw'.

\openout4 = `modelo_dissertacao.mw'.

\openout4 = `modelo_dissertacao.mw'.

\openout4 = `modelo_dissertacao.mw'.

\openout4 = `modelo_dissertacao.mw'.

LaTeX Font Info:    Try loading font information for OMS+phv on input line 41.

("C:\Program Files\MiKTeX 2.9\tex\latex\psnfss\omsphv.fd"
File: omsphv.fd 
)
LaTeX Font Info:    Font shape `OMS/phv/m/n' in size <12> not available
(Font)              Font shape `OMS/cmsy/m/n' tried instead on input line 41.
\openout4 = `modelo_dissertacao.mw'.

 [13]
(modelo_dissertacao.mw)
\openout4 = `modelo_dissertacao.mw'.

) (capitulo2/cap2.tex
\openout4 = `modelo_dissertacao.mw'.

 [14] (modelo_dissertacao.mw)
\openout4 = `modelo_dissertacao.mw'.

LaTeX Font Info:    Font shape `T1/phv/bx/n' in size <10> not available
(Font)              Font shape `T1/phv/b/n' tried instead on input line 11.
LaTeX Font Info:    Font shape `T1/phv/b/n' will be
(Font)              scaled to size 8.99994pt on input line 11.
<./figuras/speecheasy_invisivel_figure.png, id=189, 118.19156pt x 146.04562pt>
File: ./figuras/speecheasy_invisivel_figure.png Graphic file (type png)
<use ./figuras/speecheasy_invisivel_figure.png>
Package pdftex.def Info: ./figuras/speecheasy_invisivel_figure.png  used on inp
ut line 12.
(pdftex.def)             Requested size: 115.14162pt x 142.26378pt.
<./figuras/speecheasy_pequeno_figure.png, id=190, 120.45pt x 146.04562pt>
File: ./figuras/speecheasy_pequeno_figure.png Graphic file (type png)
<use ./figuras/speecheasy_pequeno_figure.png>
Package pdftex.def Info: ./figuras/speecheasy_pequeno_figure.png  used on input
 line 13.
(pdftex.def)             Requested size: 117.34177pt x 142.26378pt.
<./figuras/speecheasy_microcanal_figure.png, id=191, 137.01187pt x 185.94469pt>

File: ./figuras/speecheasy_microcanal_figure.png Graphic file (type png)
<use ./figuras/speecheasy_microcanal_figure.png>
Package pdftex.def Info: ./figuras/speecheasy_microcanal_figure.png  used on in
put line 14.
(pdftex.def)             Requested size: 104.82837pt x 142.26378pt.
<./Figuras/maisfluencia_figure.png, id=196, 213.79875pt x 128.73094pt>
File: ./Figuras/maisfluencia_figure.png Graphic file (type png)
<use ./Figuras/maisfluencia_figure.png>
Package pdftex.def Info: ./Figuras/maisfluencia_figure.png  used on input line 
25.
(pdftex.def)             Requested size: 330.81372pt x 199.16928pt.
\openout4 = `modelo_dissertacao.mw'.


[15

 <./figuras/speecheasy_invisivel_figure.png> <./figuras/speecheasy_pequeno_figu
re.png> <./figuras/speecheasy_microcanal_figure.png>] (modelo_dissertacao.mw)
\openout4 = `modelo_dissertacao.mw'.

<./Figuras/dafassistant_figure.jpg, id=207, 174.6525pt x 291.0875pt>
File: ./Figuras/dafassistant_figure.jpg Graphic file (type jpg)
<use ./Figuras/dafassistant_figure.jpg>
Package pdftex.def Info: ./Figuras/dafassistant_figure.jpg  used on input line 
36.
(pdftex.def)             Requested size: 170.72922pt x 284.52756pt.
\openout4 = `modelo_dissertacao.mw'.

 [16 <./Figuras/maisfluencia_figure.png>] (modelo_dissertacao.mw)
\openout4 = `modelo_dissertacao.mw'.

<./Figuras/terapiaparagagueira_figure.jpg, id=218, 121.8954pt x 216.81pt>
File: ./Figuras/terapiaparagagueira_figure.jpg Graphic file (type jpg)
<use ./Figuras/terapiaparagagueira_figure.jpg>
Package pdftex.def Info: ./Figuras/terapiaparagagueira_figure.jpg  used on inpu
t line 48.
(pdftex.def)             Requested size: 159.9873pt x 284.52756pt.
\openout4 = `modelo_dissertacao.mw'.

 [17 <./Figuras/dafassistant_figure.jpg>] (modelo_dissertacao.mw)
\openout4 = `modelo_dissertacao.mw'.

\openout4 = `modelo_dissertacao.mw'.

\openout4 = `modelo_dissertacao.mw'.

\openout4 = `modelo_dissertacao.mw'.

\openout4 = `modelo_dissertacao.mw'.

) (capitulo3/cap3.tex
\openout4 = `modelo_dissertacao.mw'.


[18 <./Figuras/terapiaparagagueira_figure.jpg>] (modelo_dissertacao.mw)
\openout4 = `modelo_dissertacao.mw'.

\openout4 = `modelo_dissertacao.mw'.


[19

] (modelo_dissertacao.mw)
\openout4 = `modelo_dissertacao.mw'.

\openout4 = `modelo_dissertacao.mw'.

\openout4 = `modelo_dissertacao.mw'.

\openout4 = `modelo_dissertacao.mw'.

\openout4 = `modelo_dissertacao.mw'.

\openout4 = `modelo_dissertacao.mw'.

\openout4 = `modelo_dissertacao.mw'.

<./Figuras/arquitetura_figure.png, id=244, 1389.19pt x 2045.6425pt>
File: ./Figuras/arquitetura_figure.png Graphic file (type png)
<use ./Figuras/arquitetura_figure.png>
Package pdftex.def Info: ./Figuras/arquitetura_figure.png  used on input line 6
2.
(pdftex.def)             Requested size: 289.83075pt x 426.79134pt.
\openout4 = `modelo_dissertacao.mw'.

 [20] (modelo_dissertacao.mw)
\openout4 = `modelo_dissertacao.mw'.

\openout4 = `modelo_dissertacao.mw'.

\openout4 = `modelo_dissertacao.mw'.

\openout4 = `modelo_dissertacao.mw'.

 [21 <./Figuras/arquitetura_figure.png (PNG copy)>] (modelo_dissertacao.mw)
\openout4 = `modelo_dissertacao.mw'.


Underfull \hbox (badness 10000) in paragraph at lines 97--98
[]|\T1/phv/b/n/12 Requisitos
 []


Underfull \hbox (badness 10000) in paragraph at lines 128--129
[]|\T1/phv/b/n/12 Requisitos
 []


Overfull \hbox (5.06636pt too wide) in paragraph at lines 130--130
[]|\T1/phv/m/n/12 (-20) RNF01| 
 []


Overfull \hbox (4.74344pt too wide) in paragraph at lines 130--130
[]|\T1/phv/m/n/12 (-20) Compatibilidade| 
 []


Overfull \hbox (5.06636pt too wide) in paragraph at lines 132--132
[]|\T1/phv/m/n/12 (-20) RNF02| 
 []


Overfull \hbox (5.06636pt too wide) in paragraph at lines 134--134
[]|\T1/phv/m/n/12 (-20) RNF03| 
 []


Overfull \hbox (1.21904pt too wide) in paragraph at lines 134--134
[]|\T1/phv/m/n/12 (-20) Implementao| 
 []


Overfull \hbox (5.06636pt too wide) in paragraph at lines 136--136
[]|\T1/phv/m/n/12 (-20) RNF04| 
 []

\openout4 = `modelo_dissertacao.mw'.

[22] (modelo_dissertacao.mw)
\openout4 = `modelo_dissertacao.mw'.

<./Figuras/class_diagram.png, id=267, 641.39626pt x 611.28375pt>
File: ./Figuras/class_diagram.png Graphic file (type png)
<use ./Figuras/class_diagram.png>
Package pdftex.def Info: ./Figuras/class_diagram.png  used on input line 150.
(pdftex.def)             Requested size: 447.80968pt x 426.79134pt.
\openout4 = `modelo_dissertacao.mw'.

 [23] (modelo_dissertacao.mw)
\openout4 = `modelo_dissertacao.mw'.

<./Figuras/usecase_diagram.png, id=275, 889.07156pt x 810.02625pt>
File: ./Figuras/usecase_diagram.png Graphic file (type png)
<use ./Figuras/usecase_diagram.png>
Package pdftex.def Info: ./Figuras/usecase_diagram.png  used on input line 162.

(pdftex.def)             Requested size: 468.45177pt x 426.79134pt.

Overfull \hbox (13.20766pt too wide) in paragraph at lines 162--163
 [][] 
 []

\openout4 = `modelo_dissertacao.mw'.

[24 <./Figuras/class_diagram.png>] (modelo_dissertacao.mw)
\openout4 = `modelo_dissertacao.mw'.

<./Figuras/activity_diagram.png, id=285, 909.3975pt x 745.28438pt>
File: ./Figuras/activity_diagram.png Graphic file (type png)
<use ./Figuras/activity_diagram.png>
Package pdftex.def Info: ./Figuras/activity_diagram.png  used on input line 173
.
(pdftex.def)             Requested size: 451.3257pt x 369.88582pt.
\openout4 = `modelo_dissertacao.mw'.

 [25 <./Figuras/usecase_diagram.png>] (modelo_dissertacao.mw)
\openout4 = `modelo_dissertacao.mw'.

<./Figuras/prototipo_telainicial.jpg, id=292, 1084.05pt x 1927.2pt>
File: ./Figuras/prototipo_telainicial.jpg Graphic file (type jpg)
<use ./Figuras/prototipo_telainicial.jpg>
Package pdftex.def Info: ./Figuras/prototipo_telainicial.jpg  used on input lin
e 187.
(pdftex.def)             Requested size: 208.05583pt x 369.88582pt.
\openout4 = `modelo_dissertacao.mw'.

 [26 <./Figuras/activity_diagram.png>]
(modelo_dissertacao.mw)
\openout4 = `modelo_dissertacao.mw'.

<./Figuras/prototipo_telapreferencias.jpg, id=298, 1084.05pt x 1927.2pt>
File: ./Figuras/prototipo_telapreferencias.jpg Graphic file (type jpg)
<use ./Figuras/prototipo_telapreferencias.jpg>
Package pdftex.def Info: ./Figuras/prototipo_telapreferencias.jpg  used on inpu
t line 196.
(pdftex.def)             Requested size: 208.05583pt x 369.88582pt.
\openout4 = `modelo_dissertacao.mw'.

 [27 <./Figuras/prototipo_telainicial.jpg>]
(modelo_dissertacao.mw)
\openout4 = `modelo_dissertacao.mw'.

<./Figuras/prototipo_sobre.jpg, id=303, 1084.05pt x 1927.2pt>
File: ./Figuras/prototipo_sobre.jpg Graphic file (type jpg)
<use ./Figuras/prototipo_sobre.jpg>
Package pdftex.def Info: ./Figuras/prototipo_sobre.jpg  used on input line 205.

(pdftex.def)             Requested size: 208.05583pt x 369.88582pt.
\openout4 = `modelo_dissertacao.mw'.

 [28 <./Figuras/prototipo_telapreferencias.jpg>]
(modelo_dissertacao.mw)
\openout4 = `modelo_dissertacao.mw'.

)
\openout4 = `modelo_dissertacao.mw'.

 [29 <./Figuras/prototipo_sobre.jpg>]
(modelo_dissertacao.mw)
\openout4 = `modelo_dissertacao.mw'.

 (modelo_dissertacao.bbl (modelo_dissertacao.brf)
\tf@brf=\write26
\openout4 = `modelo_dissertacao.brf'.

\openout4 = `modelo_dissertacao.mw'.


[30] (modelo_dissertacao.mw)
\openout4 = `modelo_dissertacao.mw'.



Package hyperref Warning: Token not allowed in a PDF string (PDFDocEncoding):
(hyperref)                removing `\uppercase' on input line 3.

bibitemlist

Underfull \hbox (badness 10000) in paragraph at lines 80--80
[]\T1/phv/m/n/12 (+20) MICROSON. Saiba mais so-bre a ga-gueira. \T1/phv/b/n/12 
Como fun-ci-ona o Spe-e-chE-asy?\T1/phv/m/n/12 (+20) ,
 []


Underfull \hbox (badness 10000) in paragraph at lines 80--80
\T1/phv/m/n/12 (+20) 2015. Dis-po-n-vel em: [][]$<[]http : / / www . microsom 
. com . br / saiba-[]mais-[]sobre-[]gagueira /
 []


Underfull \hbox (badness 1137) in paragraph at lines 91--91
\T1/phv/m/n/12 (+20) ISSN 2317-1782. Dis-po-n-vel em: [][]$<[]http : / / www .
 scielo . br / scielo . php ? script = sci _ arttext & pid =
 []


Underfull \hbox (badness 7649) in paragraph at lines 100--100
[]\T1/phv/m/n/12 (+20) RIBEIRO, Le-an-dro. O que  uml e di-a-gra-mas de caso d
e uso: In-tro-du-o
 []


Underfull \hbox (badness 10000) in paragraph at lines 100--100
\T1/phv/m/n/12 (+20) pr-tica  uml. \T1/phv/b/n/12 Dev-me-dia\T1/phv/m/n/12 (+
20) , 2012. Dis-po-n-vel em: [][]$<[]https : / / www . devmedia . com . br /
 []


Underfull \hbox (badness 10000) in paragraph at lines 100--100
\T1/phv/m/n/12 (+20) o-[]que-[]e-[]uml-[]e-[]diagramas-[]de-[]caso-[]de-[]uso-[
]introducao-[]pratica-[]a-[]uml / 23408>[]$[][]. Acesso em:
 []


Underfull \hbox (badness 10000) in paragraph at lines 109--109
[]\T1/phv/m/n/12 (+20) TYBEL, Dou-glas. Ori-en-ta-es b-si-cas na ela-bo-ra-
o de um di-a-grama de
 []


Underfull \hbox (badness 10000) in paragraph at lines 109--109
\T1/phv/m/n/12 (+20) clas-ses. \T1/phv/b/n/12 Dev-me-dia\T1/phv/m/n/12 (+20) , 
2017. Dis-po-n-vel em: [][]$<[]https : / / www . devmedia . com . br /
 []

\openout4 = `modelo_dissertacao.mw'.

[31

] (modelo_dissertacao.mw)
\openout4 = `modelo_dissertacao.mw'.

)
runsystem(makeindex modelo_dissertacao.glo -s estilo-glossario.ist -t modelo_di
ssertacao.glg -o modelo_dissertacao.gls)...executed (allowed).

\openout4 = `modelo_dissertacao.mw'.

 [32] (modelo_dissertacao.mw)
\openout4 = `modelo_dissertacao.mw'.


(modelo_dissertacao.gls) 
AED: lastpage setting LastPage
+===================================================================+
| Modelo de teses e disserta\c c\~oes da UTFPR. 
| Alterado conforme regras de 2009. 
| Desenvolvido por UTFPR-CP 
| Vers\~ao: 1.0 
| $LastChangedDate: 2017-02-27 19:06:00 -0300$ 
+===================================================================+
\outputstream=\write27
\openout4 = `modelo_dissertacao.tmp'.

\openout4 = `modelo_dissertacao.mw'.

\openout4 = `modelo_dissertacao.mw'.

\openout4 = `modelo_dissertacao.mw'.

\openout4 = `modelo_dissertacao.mw'.

\openout4 = `modelo_dissertacao.mw'.

\openout4 = `modelo_dissertacao.mw'.

\openout4 = `modelo_dissertacao.tmp'.

\tf@lof=\write28
\openout4 = `modelo_dissertacao.lof'.

\tf@lot=\write29
\openout4 = `modelo_dissertacao.lot'.

\tf@toc=\write30
\openout4 = `modelo_dissertacao.toc'.

Package atveryend Info: Empty hook `BeforeClearDocument' on input line 243.
Package atveryend Info: Empty hook `AfterLastShipout' on input line 243.
(modelo_dissertacao.aux
\openout4 = `modelo_dissertacao.mw'.

\openout4 = `modelo_dissertacao.mw'.

\openout4 = `modelo_dissertacao.mw'.

\openout4 = `modelo_dissertacao.mw'.

\openout4 = `modelo_dissertacao.mw'.

\openout4 = `modelo_dissertacao.mw'.

\openout4 = `modelo_dissertacao.mw'.

\openout4 = `modelo_dissertacao.mw'.

\openout4 = `modelo_dissertacao.mw'.

\openout4 = `modelo_dissertacao.mw'.

 (errata.aux)
\openout4 = `modelo_dissertacao.mw'.

\openout4 = `modelo_dissertacao.mw'.

\openout4 = `modelo_dissertacao.mw'.

\openout4 = `modelo_dissertacao.mw'.

\openout4 = `modelo_dissertacao.mw'.

\openout4 = `modelo_dissertacao.mw'.

\openout4 = `modelo_dissertacao.mw'.

\openout4 = `modelo_dissertacao.mw'.

\openout4 = `modelo_dissertacao.mw'.

\openout4 = `modelo_dissertacao.mw'.

\openout4 = `modelo_dissertacao.mw'.

\openout4 = `modelo_dissertacao.mw'.

\openout4 = `modelo_dissertacao.mw'.

\openout4 = `modelo_dissertacao.mw'.

\openout4 = `modelo_dissertacao.mw'.

\openout4 = `modelo_dissertacao.mw'.

\openout4 = `modelo_dissertacao.mw'.

\openout4 = `modelo_dissertacao.mw'.

\openout4 = `modelo_dissertacao.mw'.

\openout4 = `modelo_dissertacao.mw'.

\openout4 = `modelo_dissertacao.mw'.

\openout4 = `modelo_dissertacao.mw'.

\openout4 = `modelo_dissertacao.mw'.

\openout4 = `modelo_dissertacao.mw'.

\openout4 = `modelo_dissertacao.mw'.

\openout4 = `modelo_dissertacao.mw'.

\openout4 = `modelo_dissertacao.mw'.

\openout4 = `modelo_dissertacao.mw'.

\openout4 = `modelo_dissertacao.mw'.

\openout4 = `modelo_dissertacao.mw'.

\openout4 = `modelo_dissertacao.mw'.

\openout4 = `modelo_dissertacao.mw'.

\openout4 = `modelo_dissertacao.mw'.

\openout4 = `modelo_dissertacao.mw'.

\openout4 = `modelo_dissertacao.mw'.

\openout4 = `modelo_dissertacao.mw'.

\openout4 = `modelo_dissertacao.mw'.

\openout4 = `modelo_dissertacao.mw'.

\openout4 = `modelo_dissertacao.mw'.

\openout4 = `modelo_dissertacao.mw'.

\openout4 = `modelo_dissertacao.mw'.

\openout4 = `modelo_dissertacao.mw'.

\openout4 = `modelo_dissertacao.mw'.

\openout4 = `modelo_dissertacao.mw'.

\openout4 = `modelo_dissertacao.mw'.

\openout4 = `modelo_dissertacao.mw'.

\openout4 = `modelo_dissertacao.mw'.

\openout4 = `modelo_dissertacao.mw'.

\openout4 = `modelo_dissertacao.mw'.

\openout4 = `modelo_dissertacao.mw'.

\openout4 = `modelo_dissertacao.mw'.

\openout4 = `modelo_dissertacao.mw'.

\openout4 = `modelo_dissertacao.mw'.

\openout4 = `modelo_dissertacao.mw'.

\openout4 = `modelo_dissertacao.mw'.

\openout4 = `modelo_dissertacao.mw'.

\openout4 = `modelo_dissertacao.mw'.

\openout4 = `modelo_dissertacao.mw'.

\openout4 = `modelo_dissertacao.mw'.

\openout4 = `modelo_dissertacao.mw'.

\openout4 = `modelo_dissertacao.mw'.

\openout4 = `modelo_dissertacao.mw'.

\openout4 = `modelo_dissertacao.mw'.

\openout4 = `modelo_dissertacao.mw'.

\openout4 = `modelo_dissertacao.mw'.

\openout4 = `modelo_dissertacao.mw'.

\openout4 = `modelo_dissertacao.mw'.

\openout4 = `modelo_dissertacao.mw'.

\openout4 = `modelo_dissertacao.mw'.

\openout4 = `modelo_dissertacao.mw'.

\openout4 = `modelo_dissertacao.mw'.

\openout4 = `modelo_dissertacao.mw'.

\openout4 = `modelo_dissertacao.mw'.

\openout4 = `modelo_dissertacao.mw'.

\openout4 = `modelo_dissertacao.mw'.

\openout4 = `modelo_dissertacao.mw'.

\openout4 = `modelo_dissertacao.mw'.

\openout4 = `modelo_dissertacao.mw'.

\openout4 = `modelo_dissertacao.mw'.

\openout4 = `modelo_dissertacao.mw'.

\openout4 = `modelo_dissertacao.mw'.

\openout4 = `modelo_dissertacao.mw'.

\openout4 = `modelo_dissertacao.mw'.

\openout4 = `modelo_dissertacao.mw'.

\openout4 = `modelo_dissertacao.mw'.

\openout4 = `modelo_dissertacao.mw'.

\openout4 = `modelo_dissertacao.mw'.

\openout4 = `modelo_dissertacao.mw'.

\openout4 = `modelo_dissertacao.mw'.

\openout4 = `modelo_dissertacao.mw'.

\openout4 = `modelo_dissertacao.mw'.

\openout4 = `modelo_dissertacao.mw'.

\openout4 = `modelo_dissertacao.mw'.

\openout4 = `modelo_dissertacao.mw'.

\openout4 = `modelo_dissertacao.mw'.

\openout4 = `modelo_dissertacao.mw'.

\openout4 = `modelo_dissertacao.mw'.

\openout4 = `modelo_dissertacao.mw'.

\openout4 = `modelo_dissertacao.mw'.

\openout4 = `modelo_dissertacao.mw'.

\openout4 = `modelo_dissertacao.mw'.

\openout4 = `modelo_dissertacao.mw'.

\openout4 = `modelo_dissertacao.mw'.

\openout4 = `modelo_dissertacao.mw'.

\openout4 = `modelo_dissertacao.mw'.

\openout4 = `modelo_dissertacao.mw'.

\openout4 = `modelo_dissertacao.mw'.

\openout4 = `modelo_dissertacao.mw'.

\openout4 = `modelo_dissertacao.mw'.

\openout4 = `modelo_dissertacao.mw'.

\openout4 = `modelo_dissertacao.mw'.

\openout4 = `modelo_dissertacao.mw'.

\openout4 = `modelo_dissertacao.mw'.

\openout4 = `modelo_dissertacao.mw'.

\openout4 = `modelo_dissertacao.mw'.

\openout4 = `modelo_dissertacao.mw'.

\openout4 = `modelo_dissertacao.mw'.

\openout4 = `modelo_dissertacao.mw'.

\openout4 = `modelo_dissertacao.mw'.

\openout4 = `modelo_dissertacao.mw'.

\openout4 = `modelo_dissertacao.mw'.

\openout4 = `modelo_dissertacao.mw'.

\openout4 = `modelo_dissertacao.mw'.

\openout4 = `modelo_dissertacao.mw'.

\openout4 = `modelo_dissertacao.mw'.

\openout4 = `modelo_dissertacao.mw'.

\openout4 = `modelo_dissertacao.mw'.

\openout4 = `modelo_dissertacao.mw'.

\openout4 = `modelo_dissertacao.mw'.

\openout4 = `modelo_dissertacao.mw'.

\openout4 = `modelo_dissertacao.mw'.

\openout4 = `modelo_dissertacao.mw'.

)
Package atveryend Info: Executing hook `AtVeryEndDocument' on input line 243.
Package atveryend Info: Executing hook `AtEndAfterFileList' on input line 243.
\openout4 = `modelo_dissertacao.brf'.

Package rerunfilecheck Info: File `modelo_dissertacao.brf' has not changed.
(rerunfilecheck)             Checksum: D8422118F3C5E6DD70F395F417D3DE2A;1056.


LaTeX Warning: Label(s) may have changed. Rerun to get cross-references right.

Package atveryend Info: Empty hook `AtVeryVeryEnd' on input line 243.
\openout4 = `modelo_dissertacao.abreviax'.

\openout4 = `modelo_dissertacao.acronx'.

\openout4 = `modelo_dissertacao.nlo'.

\openout4 = `modelo_dissertacao.glo'.

\openout4 = `modelo_dissertacao.acn'.

\openout4 = `modelo_dissertacao.idx'.

\openout4 = `modelo_dissertacao.lof'.

\openout4 = `modelo_dissertacao.lot'.

\openout4 = `modelo_dissertacao.toc'.

 ) 
Here is how much of TeX's memory you used:
 35254 strings out of 492976
 606367 string characters out of 3135994
 941499 words of memory out of 3000000
 38208 multiletter control sequences out of 15000+200000
 578238 words of font info for 192 fonts, out of 3000000 for 9000
 1141 hyphenation exceptions out of 8191
 64i,17n,102p,10398b,576s stack positions out of 5000i,500n,10000p,200000b,50000s
pdfTeX warning (dest): name{section*.34} has been referenced but does not exi
st, replaced by a fixed one

{C:/Program Files/MiKTeX 2.9/fonts/enc/dvips/base/8r.enc}<C:/Program Files/MiKT
eX 2.9/fonts/type1/public/amsfonts/cm/cmsy10.pfb><C:/Program Files/MiKTeX 2.9/f
onts/type1/urw/helvetic/uhvb8a.pfb><C:/Program Files/MiKTeX 2.9/fonts/type1/urw
/helvetic/uhvr8a.pfb><C:/Program Files/MiKTeX 2.9/fonts/type1/urw/helvetic/uhvr
o8a.pfb>
Output written on modelo_dissertacao.pdf (33 pages, 1329522 bytes).
PDF statistics:
 505 PDF objects out of 1000 (max. 8388607)
 112 named destinations out of 1000 (max. 500000)
 25924 words of extra memory for PDF output out of 29859 (max. 10000000)

